This is pdfTeX, Version 3.14159265-2.6-1.40.16 (MiKTeX 2.9) (preloaded format=pdflatex 2015.10.22)  15 DEC 2015 22:25
entering extended mode
**reportImageAnalysis.tex
(reportImageAnalysis.tex
LaTeX2e <2015/01/01> patch level 2
Babel <3.9m> and hyphenation patterns for 69 languages loaded.
(C:\Users\titou\Desktop\INFO\LATEX\MiKTeX\tex\latex\base\report.cls
Document Class: report 2014/09/29 v1.4h Standard LaTeX document class
(C:\Users\titou\Desktop\INFO\LATEX\MiKTeX\tex\latex\base\fleqn.clo
File: fleqn.clo 2015/03/31 v1.1i Standard LaTeX option (flush left equations)
\mathindent=\dimen102
Applying: [2015/01/01] Make \[ robust on input line 50.
LaTeX Info: Redefining \[ on input line 51.
Already applied: [0000/00/00] Make \[ robust on input line 62.
Applying: [2015/01/01] Make \] robust on input line 74.
LaTeX Info: Redefining \] on input line 75.
Already applied: [0000/00/00] Make \] robust on input line 83.
)
(C:\Users\titou\Desktop\INFO\LATEX\MiKTeX\tex\latex\base\size12.clo
File: size12.clo 2014/09/29 v1.4h Standard LaTeX file (size option)
)
\c@part=\count79
\c@chapter=\count80
\c@section=\count81
\c@subsection=\count82
\c@subsubsection=\count83
\c@paragraph=\count84
\c@subparagraph=\count85
\c@figure=\count86
\c@table=\count87
\abovecaptionskip=\skip41
\belowcaptionskip=\skip42
\bibindent=\dimen103
)
(C:\Users\titou\Desktop\INFO\LATEX\MiKTeX\tex\latex\base\fontenc.sty
Package: fontenc 2005/09/27 v1.99g Standard LaTeX package

(C:\Users\titou\Desktop\INFO\LATEX\MiKTeX\tex\latex\base\t1enc.def
File: t1enc.def 2005/09/27 v1.99g Standard LaTeX file
LaTeX Font Info:    Redeclaring font encoding T1 on input line 48.
))
(C:\Users\titou\Desktop\INFO\LATEX\MiKTeX\tex\latex\amsmath\amsmath.sty
Package: amsmath 2013/01/14 v2.14 AMS math features
\@mathmargin=\skip43

For additional information on amsmath, use the `?' option.
(C:\Users\titou\Desktop\INFO\LATEX\MiKTeX\tex\latex\amsmath\amstext.sty
Package: amstext 2000/06/29 v2.01

(C:\Users\titou\Desktop\INFO\LATEX\MiKTeX\tex\latex\amsmath\amsgen.sty
File: amsgen.sty 1999/11/30 v2.0
\@emptytoks=\toks14
\ex@=\dimen104
))
(C:\Users\titou\Desktop\INFO\LATEX\MiKTeX\tex\latex\amsmath\amsbsy.sty
Package: amsbsy 1999/11/29 v1.2d
\pmbraise@=\dimen105
)
(C:\Users\titou\Desktop\INFO\LATEX\MiKTeX\tex\latex\amsmath\amsopn.sty
Package: amsopn 1999/12/14 v2.01 operator names
)
\inf@bad=\count88
LaTeX Info: Redefining \frac on input line 210.
\uproot@=\count89
\leftroot@=\count90
LaTeX Info: Redefining \overline on input line 306.
\classnum@=\count91
\DOTSCASE@=\count92
LaTeX Info: Redefining \ldots on input line 378.
LaTeX Info: Redefining \dots on input line 381.
LaTeX Info: Redefining \cdots on input line 466.
\Mathstrutbox@=\box26
\strutbox@=\box27
\big@size=\dimen106
LaTeX Font Info:    Redeclaring font encoding OML on input line 566.
LaTeX Font Info:    Redeclaring font encoding OMS on input line 567.
\macc@depth=\count93
\c@MaxMatrixCols=\count94
\dotsspace@=\muskip10
\c@parentequation=\count95
\dspbrk@lvl=\count96
\tag@help=\toks15
\row@=\count97
\column@=\count98
\maxfields@=\count99
\andhelp@=\toks16
\eqnshift@=\dimen107
\alignsep@=\dimen108
\tagshift@=\dimen109
\tagwidth@=\dimen110
\totwidth@=\dimen111
\lineht@=\dimen112
\@envbody=\toks17
\multlinegap=\skip44
\multlinetaggap=\skip45
\mathdisplay@stack=\toks18
LaTeX Info: Redefining \[ on input line 2665.
LaTeX Info: Redefining \] on input line 2666.
)
(C:\Users\titou\Desktop\INFO\LATEX\MiKTeX\tex\latex\amsfonts\amssymb.sty
Package: amssymb 2013/01/14 v3.01 AMS font symbols

(C:\Users\titou\Desktop\INFO\LATEX\MiKTeX\tex\latex\amsfonts\amsfonts.sty
Package: amsfonts 2013/01/14 v3.01 Basic AMSFonts support
\symAMSa=\mathgroup4
\symAMSb=\mathgroup5
LaTeX Font Info:    Overwriting math alphabet `\mathfrak' in version `bold'
(Font)                  U/euf/m/n --> U/euf/b/n on input line 106.
))
(C:\Users\titou\Desktop\INFO\LATEX\MiKTeX\tex\latex\amscls\amsthm.sty
Package: amsthm 2015/03/04 v2.20.2
\thm@style=\toks19
\thm@bodyfont=\toks20
\thm@headfont=\toks21
\thm@notefont=\toks22
\thm@headpunct=\toks23
\thm@preskip=\skip46
\thm@postskip=\skip47
\thm@headsep=\skip48
\dth@everypar=\toks24
)
(C:\Users\titou\Desktop\INFO\LATEX\MiKTeX\tex\generic\babel\babel.sty
Package: babel 2015/08/03 3.9m The Babel package

*************************************
* Local config file bblopts.cfg used
*
(C:\Users\titou\Desktop\INFO\LATEX\MiKTeX\tex\latex\00miktex\bblopts.cfg
File: bblopts.cfg 2006/07/31 v1.0 MiKTeX 'babel' configuration
)
(C:\Users\titou\Desktop\INFO\LATEX\MiKTeX\tex\latex\babel-danish\danish.ldf
Language: danish 2009/09/19 v1.3r Danish support from the babel system

(C:\Users\titou\Desktop\INFO\LATEX\MiKTeX\tex\generic\babel\babel.def
File: babel.def 2015/08/03 3.9m Babel common definitions
\babel@savecnt=\count100
\U@D=\dimen113
)
Package babel Info: Making " an active character on input line 82.
)
(C:\Users\titou\Desktop\INFO\LATEX\MiKTeX\tex\latex\babel-english\english.ldf
Language: english 2012/08/20 v3.3p English support from the babel system
\l@canadian = a dialect from \language\l@american 
\l@australian = a dialect from \language\l@british 
\l@newzealand = a dialect from \language\l@british 
)) (C:\Users\titou\Desktop\INFO\LATEX\MiKTeX\tex\latex\base\inputenc.sty
Package: inputenc 2015/03/17 v1.2c Input encoding file
\inpenc@prehook=\toks25
\inpenc@posthook=\toks26

(C:\Users\titou\Desktop\INFO\LATEX\MiKTeX\tex\latex\base\ansinew.def
File: ansinew.def 2015/03/17 v1.2c Input encoding file
))
(C:\Users\titou\Desktop\INFO\LATEX\MiKTeX\tex\latex\graphics\epsfig.sty
Package: epsfig 1999/02/16 v1.7a (e)psfig emulation (SPQR)

(C:\Users\titou\Desktop\INFO\LATEX\MiKTeX\tex\latex\graphics\graphicx.sty
Package: graphicx 2014/10/28 v1.0g Enhanced LaTeX Graphics (DPC,SPQR)

(C:\Users\titou\Desktop\INFO\LATEX\MiKTeX\tex\latex\graphics\keyval.sty
Package: keyval 2014/10/28 v1.15 key=value parser (DPC)
\KV@toks@=\toks27
)
(C:\Users\titou\Desktop\INFO\LATEX\MiKTeX\tex\latex\graphics\graphics.sty
Package: graphics 2014/10/28 v1.0p Standard LaTeX Graphics (DPC,SPQR)

(C:\Users\titou\Desktop\INFO\LATEX\MiKTeX\tex\latex\graphics\trig.sty
Package: trig 1999/03/16 v1.09 sin cos tan (DPC)
)
(C:\Users\titou\Desktop\INFO\LATEX\MiKTeX\tex\latex\00miktex\graphics.cfg
File: graphics.cfg 2007/01/18 v1.5 graphics configuration of teTeX/TeXLive
)
Package graphics Info: Driver file: pdftex.def on input line 94.

(C:\Users\titou\Desktop\INFO\LATEX\MiKTeX\tex\latex\pdftex-def\pdftex.def
File: pdftex.def 2011/05/27 v0.06d Graphics/color for pdfTeX

(C:\Users\titou\Desktop\INFO\LATEX\MiKTeX\tex\generic\oberdiek\infwarerr.sty
Package: infwarerr 2010/04/08 v1.3 Providing info/warning/error messages (HO)
)
(C:\Users\titou\Desktop\INFO\LATEX\MiKTeX\tex\generic\oberdiek\ltxcmds.sty
Package: ltxcmds 2011/11/09 v1.22 LaTeX kernel commands for general use (HO)
)
\Gread@gobject=\count101
))
\Gin@req@height=\dimen114
\Gin@req@width=\dimen115
)
\epsfxsize=\dimen116
\epsfysize=\dimen117
) (mcode.sty
-- Package: `mcode' 2.5 <2014/03/06> --
Package: mcode 2014/03/06 2.5
 - settings optimized for display (colour formating)
(C:\Users\titou\Desktop\INFO\LATEX\MiKTeX\tex\latex\xcolor\xcolor.sty
Package: xcolor 2007/01/21 v2.11 LaTeX color extensions (UK)

(C:\Users\titou\Desktop\INFO\LATEX\MiKTeX\tex\latex\00miktex\color.cfg
File: color.cfg 2007/01/18 v1.5 color configuration of teTeX/TeXLive
)
Package xcolor Info: Driver file: pdftex.def on input line 225.
Package xcolor Info: Model `cmy' substituted by `cmy0' on input line 1337.
Package xcolor Info: Model `hsb' substituted by `rgb' on input line 1341.
Package xcolor Info: Model `RGB' extended on input line 1353.
Package xcolor Info: Model `HTML' substituted by `rgb' on input line 1355.
Package xcolor Info: Model `Hsb' substituted by `hsb' on input line 1356.
Package xcolor Info: Model `tHsb' substituted by `hsb' on input line 1357.
Package xcolor Info: Model `HSB' substituted by `hsb' on input line 1358.
Package xcolor Info: Model `Gray' substituted by `gray' on input line 1359.
Package xcolor Info: Model `wave' substituted by `hsb' on input line 1360.
)
(C:\Users\titou\Desktop\INFO\LATEX\MiKTeX\tex\latex\listings\listings.sty
\lst@mode=\count102
\lst@gtempboxa=\box28
\lst@token=\toks28
\lst@length=\count103
\lst@currlwidth=\dimen118
\lst@column=\count104
\lst@pos=\count105
\lst@lostspace=\dimen119
\lst@width=\dimen120
\lst@newlines=\count106
\lst@lineno=\count107
\lst@maxwidth=\dimen121

(C:\Users\titou\Desktop\INFO\LATEX\MiKTeX\tex\latex\listings\lstmisc.sty
File: lstmisc.sty 2015/06/04 1.6 (Carsten Heinz)
\c@lstnumber=\count108
\lst@skipnumbers=\count109
\lst@framebox=\box29
)
(C:\Users\titou\Desktop\INFO\LATEX\MiKTeX\tex\latex\listings\listings.cfg
File: listings.cfg 2015/06/04 1.6 listings configuration
))
Package: listings 2015/06/04 1.6 (Carsten Heinz)

(C:\Users\titou\Desktop\INFO\LATEX\MiKTeX\tex\latex\base\textcomp.sty
Package: textcomp 2005/09/27 v1.99g Standard LaTeX package
Package textcomp Info: Sub-encoding information:
(textcomp)               5 = only ISO-Adobe without \textcurrency
(textcomp)               4 = 5 + \texteuro
(textcomp)               3 = 4 + \textohm
(textcomp)               2 = 3 + \textestimated + \textcurrency
(textcomp)               1 = TS1 - \textcircled - \t
(textcomp)               0 = TS1 (full)
(textcomp)             Font families with sub-encoding setting implement
(textcomp)             only a restricted character set as indicated.
(textcomp)             Family '?' is the default used for unknown fonts.
(textcomp)             See the documentation for details.
Package textcomp Info: Setting ? sub-encoding to TS1/1 on input line 79.

(C:\Users\titou\Desktop\INFO\LATEX\MiKTeX\tex\latex\base\ts1enc.def
File: ts1enc.def 2001/06/05 v3.0e (jk/car/fm) Standard LaTeX file
)
LaTeX Info: Redefining \oldstylenums on input line 334.
Package textcomp Info: Setting cmr sub-encoding to TS1/0 on input line 349.
Package textcomp Info: Setting cmss sub-encoding to TS1/0 on input line 350.
Package textcomp Info: Setting cmtt sub-encoding to TS1/0 on input line 351.
Package textcomp Info: Setting cmvtt sub-encoding to TS1/0 on input line 352.
Package textcomp Info: Setting cmbr sub-encoding to TS1/0 on input line 353.
Package textcomp Info: Setting cmtl sub-encoding to TS1/0 on input line 354.
Package textcomp Info: Setting ccr sub-encoding to TS1/0 on input line 355.
Package textcomp Info: Setting ptm sub-encoding to TS1/4 on input line 356.
Package textcomp Info: Setting pcr sub-encoding to TS1/4 on input line 357.
Package textcomp Info: Setting phv sub-encoding to TS1/4 on input line 358.
Package textcomp Info: Setting ppl sub-encoding to TS1/3 on input line 359.
Package textcomp Info: Setting pag sub-encoding to TS1/4 on input line 360.
Package textcomp Info: Setting pbk sub-encoding to TS1/4 on input line 361.
Package textcomp Info: Setting pnc sub-encoding to TS1/4 on input line 362.
Package textcomp Info: Setting pzc sub-encoding to TS1/4 on input line 363.
Package textcomp Info: Setting bch sub-encoding to TS1/4 on input line 364.
Package textcomp Info: Setting put sub-encoding to TS1/5 on input line 365.
Package textcomp Info: Setting uag sub-encoding to TS1/5 on input line 366.
Package textcomp Info: Setting ugq sub-encoding to TS1/5 on input line 367.
Package textcomp Info: Setting ul8 sub-encoding to TS1/4 on input line 368.
Package textcomp Info: Setting ul9 sub-encoding to TS1/4 on input line 369.
Package textcomp Info: Setting augie sub-encoding to TS1/5 on input line 370.
Package textcomp Info: Setting dayrom sub-encoding to TS1/3 on input line 371.
Package textcomp Info: Setting dayroms sub-encoding to TS1/3 on input line 372.

Package textcomp Info: Setting pxr sub-encoding to TS1/0 on input line 373.
Package textcomp Info: Setting pxss sub-encoding to TS1/0 on input line 374.
Package textcomp Info: Setting pxtt sub-encoding to TS1/0 on input line 375.
Package textcomp Info: Setting txr sub-encoding to TS1/0 on input line 376.
Package textcomp Info: Setting txss sub-encoding to TS1/0 on input line 377.
Package textcomp Info: Setting txtt sub-encoding to TS1/0 on input line 378.
Package textcomp Info: Setting lmr sub-encoding to TS1/0 on input line 379.
Package textcomp Info: Setting lmdh sub-encoding to TS1/0 on input line 380.
Package textcomp Info: Setting lmss sub-encoding to TS1/0 on input line 381.
Package textcomp Info: Setting lmssq sub-encoding to TS1/0 on input line 382.
Package textcomp Info: Setting lmvtt sub-encoding to TS1/0 on input line 383.
Package textcomp Info: Setting lmtt sub-encoding to TS1/0 on input line 384.
Package textcomp Info: Setting qhv sub-encoding to TS1/0 on input line 385.
Package textcomp Info: Setting qag sub-encoding to TS1/0 on input line 386.
Package textcomp Info: Setting qbk sub-encoding to TS1/0 on input line 387.
Package textcomp Info: Setting qcr sub-encoding to TS1/0 on input line 388.
Package textcomp Info: Setting qcs sub-encoding to TS1/0 on input line 389.
Package textcomp Info: Setting qpl sub-encoding to TS1/0 on input line 390.
Package textcomp Info: Setting qtm sub-encoding to TS1/0 on input line 391.
Package textcomp Info: Setting qzc sub-encoding to TS1/0 on input line 392.
Package textcomp Info: Setting qhvc sub-encoding to TS1/0 on input line 393.
Package textcomp Info: Setting futs sub-encoding to TS1/4 on input line 394.
Package textcomp Info: Setting futx sub-encoding to TS1/4 on input line 395.
Package textcomp Info: Setting futj sub-encoding to TS1/4 on input line 396.
Package textcomp Info: Setting hlh sub-encoding to TS1/3 on input line 397.
Package textcomp Info: Setting hls sub-encoding to TS1/3 on input line 398.
Package textcomp Info: Setting hlst sub-encoding to TS1/3 on input line 399.
Package textcomp Info: Setting hlct sub-encoding to TS1/5 on input line 400.
Package textcomp Info: Setting hlx sub-encoding to TS1/5 on input line 401.
Package textcomp Info: Setting hlce sub-encoding to TS1/5 on input line 402.
Package textcomp Info: Setting hlcn sub-encoding to TS1/5 on input line 403.
Package textcomp Info: Setting hlcw sub-encoding to TS1/5 on input line 404.
Package textcomp Info: Setting hlcf sub-encoding to TS1/5 on input line 405.
Package textcomp Info: Setting pplx sub-encoding to TS1/3 on input line 406.
Package textcomp Info: Setting pplj sub-encoding to TS1/3 on input line 407.
Package textcomp Info: Setting ptmx sub-encoding to TS1/4 on input line 408.
Package textcomp Info: Setting ptmj sub-encoding to TS1/4 on input line 409.
))
(C:\Users\titou\Desktop\INFO\LATEX\MiKTeX\tex\latex\lm\lmodern.sty
Package: lmodern 2009/10/30 v1.6 Latin Modern Fonts
LaTeX Font Info:    Overwriting symbol font `operators' in version `normal'
(Font)                  OT1/cmr/m/n --> OT1/lmr/m/n on input line 22.
LaTeX Font Info:    Overwriting symbol font `letters' in version `normal'
(Font)                  OML/cmm/m/it --> OML/lmm/m/it on input line 23.
LaTeX Font Info:    Overwriting symbol font `symbols' in version `normal'
(Font)                  OMS/cmsy/m/n --> OMS/lmsy/m/n on input line 24.
LaTeX Font Info:    Overwriting symbol font `largesymbols' in version `normal'
(Font)                  OMX/cmex/m/n --> OMX/lmex/m/n on input line 25.
LaTeX Font Info:    Overwriting symbol font `operators' in version `bold'
(Font)                  OT1/cmr/bx/n --> OT1/lmr/bx/n on input line 26.
LaTeX Font Info:    Overwriting symbol font `letters' in version `bold'
(Font)                  OML/cmm/b/it --> OML/lmm/b/it on input line 27.
LaTeX Font Info:    Overwriting symbol font `symbols' in version `bold'
(Font)                  OMS/cmsy/b/n --> OMS/lmsy/b/n on input line 28.
LaTeX Font Info:    Overwriting symbol font `largesymbols' in version `bold'
(Font)                  OMX/cmex/m/n --> OMX/lmex/m/n on input line 29.
LaTeX Font Info:    Overwriting math alphabet `\mathbf' in version `normal'
(Font)                  OT1/cmr/bx/n --> OT1/lmr/bx/n on input line 31.
LaTeX Font Info:    Overwriting math alphabet `\mathsf' in version `normal'
(Font)                  OT1/cmss/m/n --> OT1/lmss/m/n on input line 32.
LaTeX Font Info:    Overwriting math alphabet `\mathit' in version `normal'
(Font)                  OT1/cmr/m/it --> OT1/lmr/m/it on input line 33.
LaTeX Font Info:    Overwriting math alphabet `\mathtt' in version `normal'
(Font)                  OT1/cmtt/m/n --> OT1/lmtt/m/n on input line 34.
LaTeX Font Info:    Overwriting math alphabet `\mathbf' in version `bold'
(Font)                  OT1/cmr/bx/n --> OT1/lmr/bx/n on input line 35.
LaTeX Font Info:    Overwriting math alphabet `\mathsf' in version `bold'
(Font)                  OT1/cmss/bx/n --> OT1/lmss/bx/n on input line 36.
LaTeX Font Info:    Overwriting math alphabet `\mathit' in version `bold'
(Font)                  OT1/cmr/bx/it --> OT1/lmr/bx/it on input line 37.
LaTeX Font Info:    Overwriting math alphabet `\mathtt' in version `bold'
(Font)                  OT1/cmtt/m/n --> OT1/lmtt/m/n on input line 38.
)
(C:\Users\titou\Desktop\INFO\LATEX\MiKTeX\tex\latex\float\float.sty
Package: float 2001/11/08 v1.3d Float enhancements (AL)
\c@float@type=\count110
\float@exts=\toks29
\float@box=\box30
\@float@everytoks=\toks30
\@floatcapt=\box31
)
(C:\Users\titou\Desktop\INFO\LATEX\MiKTeX\tex\latex\setspace\setspace.sty
Package: setspace 2011/12/19 v6.7a set line spacing
)
(C:\Users\titou\Desktop\INFO\LATEX\MiKTeX\tex\latex\graphics\lscape.sty
Package: lscape 2000/10/22 v3.01 Landscape Pages (DPC)
)
(C:\Users\titou\Desktop\INFO\LATEX\MiKTeX\tex\latex\hyperref\hyperref.sty
Package: hyperref 2012/11/06 v6.83m Hypertext links for LaTeX

(C:\Users\titou\Desktop\INFO\LATEX\MiKTeX\tex\generic\oberdiek\hobsub-hyperref.
sty
Package: hobsub-hyperref 2012/04/25 v1.12 Bundle oberdiek, subset hyperref (HO)


(C:\Users\titou\Desktop\INFO\LATEX\MiKTeX\tex\generic\oberdiek\hobsub-generic.s
ty
Package: hobsub-generic 2012/04/25 v1.12 Bundle oberdiek, subset generic (HO)
Package: hobsub 2012/04/25 v1.12 Construct package bundles (HO)
Package hobsub Info: Skipping package `infwarerr' (already loaded).
Package hobsub Info: Skipping package `ltxcmds' (already loaded).
Package: ifluatex 2010/03/01 v1.3 Provides the ifluatex switch (HO)
Package ifluatex Info: LuaTeX not detected.
Package: ifvtex 2010/03/01 v1.5 Detect VTeX and its facilities (HO)
Package ifvtex Info: VTeX not detected.
Package: intcalc 2007/09/27 v1.1 Expandable calculations with integers (HO)
Package: ifpdf 2011/01/30 v2.3 Provides the ifpdf switch (HO)
Package ifpdf Info: pdfTeX in PDF mode is detected.
Package: etexcmds 2011/02/16 v1.5 Avoid name clashes with e-TeX commands (HO)
Package etexcmds Info: Could not find \expanded.
(etexcmds)             That can mean that you are not using pdfTeX 1.50 or
(etexcmds)             that some package has redefined \expanded.
(etexcmds)             In the latter case, load this package earlier.
Package: kvsetkeys 2012/04/25 v1.16 Key value parser (HO)
Package: kvdefinekeys 2011/04/07 v1.3 Define keys (HO)
Package: pdftexcmds 2011/11/29 v0.20 Utility functions of pdfTeX for LuaTeX (HO
)
Package pdftexcmds Info: LuaTeX not detected.
Package pdftexcmds Info: \pdf@primitive is available.
Package pdftexcmds Info: \pdf@ifprimitive is available.
Package pdftexcmds Info: \pdfdraftmode found.
Package: pdfescape 2011/11/25 v1.13 Implements pdfTeX's escape features (HO)
Package: bigintcalc 2012/04/08 v1.3 Expandable calculations on big integers (HO
)
Package: bitset 2011/01/30 v1.1 Handle bit-vector datatype (HO)
Package: uniquecounter 2011/01/30 v1.2 Provide unlimited unique counter (HO)
)
Package hobsub Info: Skipping package `hobsub' (already loaded).
Package: letltxmacro 2010/09/02 v1.4 Let assignment for LaTeX macros (HO)
Package: hopatch 2011/06/24 v1.1 Wrapper for package hooks (HO)
Package: xcolor-patch 2011/01/30 xcolor patch
Package: atveryend 2011/06/30 v1.8 Hooks at the very end of document (HO)
Package atveryend Info: \enddocument detected (standard20110627).
Package: atbegshi 2011/10/05 v1.16 At begin shipout hook (HO)
Package: refcount 2011/10/16 v3.4 Data extraction from label references (HO)
Package: hycolor 2011/01/30 v1.7 Color options for hyperref/bookmark (HO)
) (C:\Users\titou\Desktop\INFO\LATEX\MiKTeX\tex\generic\ifxetex\ifxetex.sty
Package: ifxetex 2010/09/12 v0.6 Provides ifxetex conditional
) (C:\Users\titou\Desktop\INFO\LATEX\MiKTeX\tex\latex\oberdiek\auxhook.sty
Package: auxhook 2011/03/04 v1.3 Hooks for auxiliary files (HO)
)
(C:\Users\titou\Desktop\INFO\LATEX\MiKTeX\tex\latex\oberdiek\kvoptions.sty
Package: kvoptions 2011/06/30 v3.11 Key value format for package options (HO)
)
\@linkdim=\dimen122
\Hy@linkcounter=\count111
\Hy@pagecounter=\count112

(C:\Users\titou\Desktop\INFO\LATEX\MiKTeX\tex\latex\hyperref\pd1enc.def
File: pd1enc.def 2012/11/06 v6.83m Hyperref: PDFDocEncoding definition (HO)
)
\Hy@SavedSpaceFactor=\count113

(C:\Users\titou\Desktop\INFO\LATEX\MiKTeX\tex\latex\00miktex\hyperref.cfg
File: hyperref.cfg 2002/06/06 v1.2 hyperref configuration of TeXLive
)
Package hyperref Info: Hyper figures OFF on input line 4443.
Package hyperref Info: Link nesting OFF on input line 4448.
Package hyperref Info: Hyper index ON on input line 4451.
Package hyperref Info: Plain pages OFF on input line 4458.
Package hyperref Info: Backreferencing OFF on input line 4463.
Package hyperref Info: Implicit mode ON; LaTeX internals redefined.
Package hyperref Info: Bookmarks ON on input line 4688.
\c@Hy@tempcnt=\count114

(C:\Users\titou\Desktop\INFO\LATEX\MiKTeX\tex\latex\url\url.sty
\Urlmuskip=\muskip11
Package: url 2013/09/16  ver 3.4  Verb mode for urls, etc.
)
LaTeX Info: Redefining \url on input line 5041.
\XeTeXLinkMargin=\dimen123
\Fld@menulength=\count115
\Field@Width=\dimen124
\Fld@charsize=\dimen125
Package hyperref Info: Hyper figures OFF on input line 6295.
Package hyperref Info: Link nesting OFF on input line 6300.
Package hyperref Info: Hyper index ON on input line 6303.
Package hyperref Info: backreferencing OFF on input line 6310.
Package hyperref Info: Link coloring OFF on input line 6315.
Package hyperref Info: Link coloring with OCG OFF on input line 6320.
Package hyperref Info: PDF/A mode OFF on input line 6325.
LaTeX Info: Redefining \ref on input line 6365.
LaTeX Info: Redefining \pageref on input line 6369.
\Hy@abspage=\count116
\c@Item=\count117
\c@Hfootnote=\count118
)

Package hyperref Message: Driver (autodetected): hpdftex.

(C:\Users\titou\Desktop\INFO\LATEX\MiKTeX\tex\latex\hyperref\hpdftex.def
File: hpdftex.def 2012/11/06 v6.83m Hyperref driver for pdfTeX
\Fld@listcount=\count119
\c@bookmark@seq@number=\count120

(C:\Users\titou\Desktop\INFO\LATEX\MiKTeX\tex\latex\oberdiek\rerunfilecheck.sty
Package: rerunfilecheck 2011/04/15 v1.7 Rerun checks for auxiliary files (HO)
Package uniquecounter Info: New unique counter `rerunfilecheck' on input line 2
82.
)
\Hy@SectionHShift=\skip49
) (C:\Users\titou\Desktop\INFO\LATEX\MiKTeX\tex\latex\cleveref\cleveref.sty
Package: cleveref 2013/12/28 v0.19 Intelligent cross-referencing
Package cleveref Info: `hyperref' support loaded on input line 2230.
LaTeX Info: Redefining \cref on input line 2230.
LaTeX Info: Redefining \Cref on input line 2230.
LaTeX Info: Redefining \crefrange on input line 2230.
LaTeX Info: Redefining \Crefrange on input line 2230.
LaTeX Info: Redefining \cpageref on input line 2230.
LaTeX Info: Redefining \Cpageref on input line 2230.
LaTeX Info: Redefining \cpagerefrange on input line 2230.
LaTeX Info: Redefining \Cpagerefrange on input line 2230.
LaTeX Info: Redefining \labelcref on input line 2230.
LaTeX Info: Redefining \labelcpageref on input line 2230.
Package cleveref Info: `amsthm' support loaded on input line 2858.
Package cleveref Info: `listings' support loaded on input line 2950.
)
(C:\Users\titou\Desktop\INFO\LATEX\MiKTeX\tex\latex\tabu\tabu.sty
Package: tabu 2011/02/26 v2.8 - flexible LaTeX tabulars (FC)

(C:\Users\titou\Desktop\INFO\LATEX\MiKTeX\tex\latex\tools\array.sty
Package: array 2014/10/28 v2.4c Tabular extension package (FMi)
\col@sep=\dimen126
\extrarowheight=\dimen127
\NC@list=\toks31
\extratabsurround=\skip50
\backup@length=\skip51
)
(C:\Users\titou\Desktop\INFO\LATEX\MiKTeX\tex\latex\ltxmisc\varwidth.sty
Package: varwidth 2009/03/30 ver 0.92;  Variable-width minipages
\@vwid@box=\box32
\sift@deathcycles=\count121
\@vwid@loff=\dimen128
\@vwid@roff=\dimen129
)
\c@taburow=\count122
\tabu@nbcols=\count123
\tabu@cnt=\count124
\tabu@Xcol=\count125
\tabu@alloc=\count126
\tabu@nested=\count127
\tabu@target=\dimen130
\tabu@spreadtarget=\dimen131
\tabu@naturalX=\dimen132
\tabucolX=\dimen133
\tabu@Xsum=\dimen134
\extrarowdepth=\dimen135
\abovetabulinesep=\dimen136
\belowtabulinesep=\dimen137
\tabustrutrule=\dimen138
\tabu@thebody=\toks32
\tabu@footnotes=\toks33
\tabu@box=\box33
\tabu@arstrutbox=\box34
\tabu@hleads=\box35
\tabu@vleads=\box36
\tabu@cellskip=\skip52
)
(C:\Users\titou\Desktop\INFO\LATEX\MiKTeX\tex\latex\caption\caption.sty
Package: caption 2015/09/17 v3.3-111 Customizing captions (AR)

(C:\Users\titou\Desktop\INFO\LATEX\MiKTeX\tex\latex\caption\caption3.sty
Package: caption3 2015/09/20 v1.7-115 caption3 kernel (AR)
Package caption3 Info: TeX engine: e-TeX on input line 57.
\captionmargin=\dimen139
\captionmargin@=\dimen140
\captionwidth=\dimen141
\caption@tempdima=\dimen142
\caption@indent=\dimen143
\caption@parindent=\dimen144
\caption@hangindent=\dimen145
)
\c@ContinuedFloat=\count128
Package caption Info: float package is loaded.
Package caption Info: hyperref package is loaded.
Package caption Info: listings package is loaded.
)
(C:\Users\titou\Desktop\INFO\LATEX\MiKTeX\tex\latex\multirow\multirow.sty
\bigstrutjot=\dimen146
)
(C:\Users\titou\Desktop\INFO\LATEX\MiKTeX\tex\latex\spverbatim\spverbatim.sty
Package: spverbatim 2009/08/10 v1.0 Verbatim with breakable spaces
)
(C:\Users\titou\Desktop\INFO\LATEX\MiKTeX\tex\latex\dirtytalk\dirtytalk.sty
Package: dirtytalk 2010/11/21 A package making "quoting" easier

(C:\Users\titou\Desktop\INFO\LATEX\MiKTeX\tex\latex\base\ifthen.sty
Package: ifthen 2014/09/29 v1.1c Standard LaTeX ifthen package (DPC)
)
\c@dirtytalk@qdepth=\count129
)
(C:\Users\titou\Desktop\INFO\LATEX\MiKTeX\tex\latex\was\gensymb.sty
Package: gensymb 2003/07/02 v1.0 (WaS)
)
(C:\Users\titou\Desktop\INFO\LATEX\MiKTeX\tex\latex\pdfpages\pdfpages.sty
Package: pdfpages 2015/09/18 v0.5d Insert pages of external PDF documents (AM)

(C:\Users\titou\Desktop\INFO\LATEX\MiKTeX\tex\latex\tools\calc.sty
Package: calc 2014/10/28 v4.3 Infix arithmetic (KKT,FJ)
\calc@Acount=\count130
\calc@Bcount=\count131
\calc@Adimen=\dimen147
\calc@Bdimen=\dimen148
\calc@Askip=\skip53
\calc@Bskip=\skip54
LaTeX Info: Redefining \setlength on input line 80.
LaTeX Info: Redefining \addtolength on input line 81.
\calc@Ccount=\count132
\calc@Cskip=\skip55
)
(C:\Users\titou\Desktop\INFO\LATEX\MiKTeX\tex\latex\eso-pic\eso-pic.sty
Package: eso-pic 2015/07/21 v2.0g eso-pic (RN)
)
\AM@pagewidth=\dimen149
\AM@pageheight=\dimen150

(C:\Users\titou\Desktop\INFO\LATEX\MiKTeX\tex\latex\pdfpages\pppdftex.def
File: pppdftex.def 2015/09/18 v0.5d Pdfpages driver for pdfTeX (AM)
)
\AM@pagebox=\box37
\AM@toc@title=\toks34
\c@AM@survey=\count133
\AM@templatesizebox=\box38
)
(C:\Users\titou\Desktop\INFO\LATEX\MiKTeX\tex\latex\psnfss\mathpazo.sty
Package: mathpazo 2005/04/12 PSNFSS-v9.2a Palatino w/ Pazo Math (D.Puga, WaS) 
\symupright=\mathgroup6
)
(C:\Users\titou\Desktop\INFO\LATEX\MiKTeX\tex\latex\algorithmicx\algpseudocode.
sty
Package: algpseudocode 

(C:\Users\titou\Desktop\INFO\LATEX\MiKTeX\tex\latex\algorithmicx\algorithmicx.s
ty
Package: algorithmicx 2005/04/27 v1.2 Algorithmicx

Document Style algorithmicx 1.2 - a greatly improved `algorithmic' style
\c@ALG@line=\count134
\c@ALG@rem=\count135
\c@ALG@nested=\count136
\ALG@tlm=\skip56
\ALG@thistlm=\skip57
\c@ALG@Lnr=\count137
\c@ALG@blocknr=\count138
\c@ALG@storecount=\count139
\c@ALG@tmpcounter=\count140
\ALG@tmplength=\skip58
)
Document Style - pseudocode environments for use with the `algorithmicx' style
) (C:\Users\titou\Desktop\INFO\LATEX\MiKTeX\tex\latex\tools\bm.sty
Package: bm 2014/10/28 v1.1c Bold Symbol Support (DPC/FMi)
\symboldoperators=\mathgroup7
\symboldletters=\mathgroup8
\symboldsymbols=\mathgroup9
\symboldupright=\mathgroup10
LaTeX Font Info:    Redeclaring math alphabet \mathbf on input line 141.
LaTeX Info: Redefining \bm on input line 207.
)
(C:\Users\titou\Desktop\INFO\LATEX\MiKTeX\tex\latex\eurosym\eurosym.sty
Package: eurosym 1998/08/06 v1.1 European currency symbol ``Euro''
\@eurobox=\box39
)
(C:\Users\titou\Desktop\INFO\LATEX\MiKTeX\tex\latex\subfigure\subfigure.sty
Package: subfigure 2002/07/30 v2.1.4 subfigure package
\subfigtopskip=\skip59
\subfigcapskip=\skip60
\subfigcaptopadj=\dimen151
\subfigbottomskip=\skip61
\subfigcapmargin=\dimen152
\subfiglabelskip=\skip62
\c@subfigure=\count141
\c@lofdepth=\count142
\c@subtable=\count143
\c@lotdepth=\count144

****************************************
* Local config file subfigure.cfg used *
****************************************
(C:\Users\titou\Desktop\INFO\LATEX\MiKTeX\tex\latex\subfigure\subfigure.cfg)
\subfig@top=\skip63
\subfig@bottom=\skip64
)
(C:\Users\titou\Desktop\INFO\LATEX\MiKTeX\tex\latex\psnfss\mathptmx.sty
Package: mathptmx 2005/04/12 PSNFSS-v9.2a Times w/ Math, improved (SPQR, WaS) 
LaTeX Font Info:    Redeclaring symbol font `operators' on input line 28.
LaTeX Font Info:    Overwriting symbol font `operators' in version `normal'
(Font)                  OT1/ppl/m/n --> OT1/ztmcm/m/n on input line 28.
LaTeX Font Info:    Overwriting symbol font `operators' in version `bold'
(Font)                  OT1/ppl/b/n --> OT1/ztmcm/m/n on input line 28.
LaTeX Font Info:    Redeclaring symbol font `letters' on input line 29.
LaTeX Font Info:    Overwriting symbol font `letters' in version `normal'
(Font)                  OML/zplm/m/it --> OML/ztmcm/m/it on input line 29.
LaTeX Font Info:    Overwriting symbol font `letters' in version `bold'
(Font)                  OML/zplm/b/it --> OML/ztmcm/m/it on input line 29.
LaTeX Font Info:    Redeclaring symbol font `symbols' on input line 30.
LaTeX Font Info:    Overwriting symbol font `symbols' in version `normal'
(Font)                  OMS/zplm/m/n --> OMS/ztmcm/m/n on input line 30.
LaTeX Font Info:    Overwriting symbol font `symbols' in version `bold'
(Font)                  OMS/zplm/b/n --> OMS/ztmcm/m/n on input line 30.
LaTeX Font Info:    Redeclaring symbol font `largesymbols' on input line 31.
LaTeX Font Info:    Overwriting symbol font `largesymbols' in version `normal'
(Font)                  OMX/zplm/m/n --> OMX/ztmcm/m/n on input line 31.
LaTeX Font Info:    Overwriting symbol font `largesymbols' in version `bold'
(Font)                  OMX/zplm/m/n --> OMX/ztmcm/m/n on input line 31.
\symbold=\mathgroup11
\symitalic=\mathgroup12
LaTeX Font Info:    Redeclaring math alphabet \mathbf on input line 34.
LaTeX Font Info:    Redeclaring math alphabet \mathit on input line 35.
LaTeX Font Info:    Overwriting math alphabet `\mathit' in version `normal'
(Font)                  OT1/ppl/m/it --> OT1/ptm/m/it on input line 35.
LaTeX Font Info:    Overwriting math alphabet `\mathit' in version `bold'
(Font)                  OT1/ppl/b/it --> OT1/ptm/m/it on input line 35.
LaTeX Info: Redefining \hbar on input line 50.
LaTeX Font Info:    Redeclaring math symbol \upGamma on input line 93.
LaTeX Font Info:    Redeclaring math symbol \upDelta on input line 94.
LaTeX Font Info:    Redeclaring math symbol \upTheta on input line 95.
LaTeX Font Info:    Redeclaring math symbol \upLambda on input line 96.
LaTeX Font Info:    Redeclaring math symbol \upXi on input line 97.
LaTeX Font Info:    Redeclaring math symbol \upPi on input line 98.
LaTeX Font Info:    Redeclaring math symbol \upSigma on input line 99.
LaTeX Font Info:    Redeclaring math symbol \upUpsilon on input line 100.
LaTeX Font Info:    Redeclaring math symbol \upPhi on input line 101.
LaTeX Font Info:    Redeclaring math symbol \upPsi on input line 102.
LaTeX Font Info:    Redeclaring math symbol \upOmega on input line 103.
)
(C:\Users\titou\Desktop\INFO\LATEX\MiKTeX\tex\latex\geometry\geometry.sty
Package: geometry 2010/09/12 v5.6 Page Geometry
\Gm@cnth=\count145
\Gm@cntv=\count146
\c@Gm@tempcnt=\count147
\Gm@bindingoffset=\dimen153
\Gm@wd@mp=\dimen154
\Gm@odd@mp=\dimen155
\Gm@even@mp=\dimen156
\Gm@layoutwidth=\dimen157
\Gm@layoutheight=\dimen158
\Gm@layouthoffset=\dimen159
\Gm@layoutvoffset=\dimen160
\Gm@dimlist=\toks35

(C:\Users\titou\Desktop\INFO\LATEX\MiKTeX\tex\latex\geometry\geometry.cfg))
(C:\Users\titou\Desktop\INFO\LATEX\MiKTeX\tex\latex\fancyhdr\fancyhdr.sty
\fancy@headwidth=\skip65
\f@ncyO@elh=\skip66
\f@ncyO@erh=\skip67
\f@ncyO@olh=\skip68
\f@ncyO@orh=\skip69
\f@ncyO@elf=\skip70
\f@ncyO@erf=\skip71
\f@ncyO@olf=\skip72
\f@ncyO@orf=\skip73
)

LaTeX Warning: Unused global option(s):
    [onesside].

(reportImageAnalysis.aux (StateOfArtIntro.aux) (singleShotTechniques.aux)
(IntegrationTest1Point.aux

LaTeX Warning: Label `fig:exp1Point137' multiply defined.


LaTeX Warning: Label `fig:exp1Point137@cref' multiply defined.


LaTeX Warning: Label `sub@fig:exp1Point137' multiply defined.


LaTeX Warning: Label `fig:exp1Point137' multiply defined.


LaTeX Warning: Label `fig:exp1Point137@cref' multiply defined.


LaTeX Warning: Label `sub@fig:exp1Point137' multiply defined.

) (conclusion.aux))
LaTeX Font Info:    Checking defaults for OML/cmm/m/it on input line 43.
LaTeX Font Info:    ... okay on input line 43.
LaTeX Font Info:    Checking defaults for T1/cmr/m/n on input line 43.
LaTeX Font Info:    ... okay on input line 43.
LaTeX Font Info:    Checking defaults for OT1/cmr/m/n on input line 43.
LaTeX Font Info:    ... okay on input line 43.
LaTeX Font Info:    Checking defaults for OMS/cmsy/m/n on input line 43.
LaTeX Font Info:    ... okay on input line 43.
LaTeX Font Info:    Checking defaults for OMX/cmex/m/n on input line 43.
LaTeX Font Info:    ... okay on input line 43.
LaTeX Font Info:    Checking defaults for U/cmr/m/n on input line 43.
LaTeX Font Info:    ... okay on input line 43.
LaTeX Font Info:    Checking defaults for TS1/cmr/m/n on input line 43.
LaTeX Font Info:    Try loading font information for TS1+cmr on input line 43.

(C:\Users\titou\Desktop\INFO\LATEX\MiKTeX\tex\latex\base\ts1cmr.fd
File: ts1cmr.fd 2014/09/29 v2.5h Standard LaTeX font definitions
)
LaTeX Font Info:    ... okay on input line 43.
LaTeX Font Info:    Checking defaults for PD1/pdf/m/n on input line 43.
LaTeX Font Info:    ... okay on input line 43.
LaTeX Font Info:    Try loading font information for T1+ptm on input line 43.

(C:\Users\titou\Desktop\INFO\LATEX\MiKTeX\tex\latex\psnfss\t1ptm.fd
File: t1ptm.fd 2001/06/04 font definitions for T1/ptm.
)
(C:\Users\titou\Desktop\INFO\LATEX\MiKTeX\tex\context\base\supp-pdf.mkii
[Loading MPS to PDF converter (version 2006.09.02).]
\scratchcounter=\count148
\scratchdimen=\dimen161
\scratchbox=\box40
\nofMPsegments=\count149
\nofMParguments=\count150
\everyMPshowfont=\toks36
\MPscratchCnt=\count151
\MPscratchDim=\dimen162
\MPnumerator=\count152
\makeMPintoPDFobject=\count153
\everyMPtoPDFconversion=\toks37
)
\c@lstlisting=\count154
\AtBeginShipoutBox=\box41
Package hyperref Info: Link coloring OFF on input line 43.
 (C:\Users\titou\Desktop\INFO\LATEX\MiKTeX\tex\latex\hyperref\nameref.sty
Package: nameref 2012/10/27 v2.43 Cross-referencing by name of section

(C:\Users\titou\Desktop\INFO\LATEX\MiKTeX\tex\generic\oberdiek\gettitlestring.s
ty
Package: gettitlestring 2010/12/03 v1.4 Cleanup title references (HO)
)
\c@section@level=\count155
)
LaTeX Info: Redefining \ref on input line 43.
LaTeX Info: Redefining \pageref on input line 43.
LaTeX Info: Redefining \nameref on input line 43.
 (reportImageAnalysis.out) (reportImageAnalysis.out)
\@outlinefile=\write3
Package caption Info: Begin \AtBeginDocument code.
Package caption Info: subfigure package is loaded.
Package caption Info: End \AtBeginDocument code.
\symgns@font=\mathgroup13
LaTeX Font Info:    Overwriting symbol font `gns@font' in version `bold'
(Font)                  TS1/ptm/m/n --> TS1/ptm/bx/n on input line 43.
Package gensymb Info: Math companion symbols declared on input line 43.
LaTeX Info: Redefining \degree on input line 43.
LaTeX Info: Redefining \celsius on input line 43.
Package gensymb Info: Using text companion symbols for \degree, \celsius and \p
erthousand on input line 43.
LaTeX Info: Redefining \ohm on input line 43.
Package gensymb Info: Using \textohm for \ohm on input line 43.
Package gensymb Info: Using \textmu for \micro on input line 43.

(C:\Users\titou\Desktop\INFO\LATEX\MiKTeX\tex\latex\oberdiek\pdflscape.sty
Package: pdflscape 2008/08/11 v0.10 Display of landscape pages in PDF (HO)
Package pdflscape Info: Auto-detected driver: pdftex on input line 80.
)
*geometry* driver: auto-detecting
*geometry* detected driver: pdftex
*geometry* verbose mode - [ preamble ] result:
* driver: pdftex
* paper: a4paper
* layout: <same size as paper>
* layoutoffset:(h,v)=(0.0pt,0.0pt)
* modes: 
* h-part:(L,W,R)=(85.35826pt, 426.79135pt, 85.35826pt)
* v-part:(T,H,B)=(71.13188pt, 702.78308pt, 71.13188pt)
* \paperwidth=597.50787pt
* \paperheight=845.04684pt
* \textwidth=426.79135pt
* \textheight=702.78308pt
* \oddsidemargin=13.08827pt
* \evensidemargin=13.08827pt
* \topmargin=-41.59085pt
* \headheight=12.0pt
* \headsep=28.45274pt
* \topskip=12.0pt
* \footskip=34.1433pt
* \marginparwidth=35.0pt
* \marginparsep=10.0pt
* \columnsep=10.0pt
* \skip\footins=10.8pt plus 4.0pt minus 2.0pt
* \hoffset=0.0pt
* \voffset=0.0pt
* \mag=1000
* \@twocolumnfalse
* \@twosidefalse
* \@mparswitchfalse
* \@reversemarginfalse
* (1in=72.27pt=25.4mm, 1cm=28.453pt)

<dtulogo2.jpg, id=291, 192.72pt x 70.8246pt>
File: dtulogo2.jpg Graphic file (type jpg)
 <use dtulogo2.jpg>
Package pdftex.def Info: dtulogo2.jpg used on input line 64.
(pdftex.def)             Requested size: 423.98233pt x 155.81346pt.

<dtulogo.jpg, id=292, 41.4348pt x 60.225pt>
File: dtulogo.jpg Graphic file (type jpg)
 <use dtulogo.jpg>
Package pdftex.def Info: dtulogo.jpg used on input line 69.
(pdftex.def)             Requested size: 29.00414pt x 42.1572pt.
 [1

{C:/Users/titou/AppData/Local/MiKTeX/2.9/pdftex/config/pdftex.map} <./dtulogo2.
jpg> <./dtulogo.jpg>]
LaTeX Font Info:    Font shape `T1/ptm/bx/n' in size <24.88> not available
(Font)              Font shape `T1/ptm/b/n' tried instead on input line 87.
 (reportImageAnalysis.toc
LaTeX Font Info:    Font shape `T1/ptm/bx/n' in size <14.4> not available
(Font)              Font shape `T1/ptm/b/n' tried instead on input line 3.
LaTeX Font Info:    Try loading font information for OT1+ztmcm on input line 4.


(C:\Users\titou\Desktop\INFO\LATEX\MiKTeX\tex\latex\psnfss\ot1ztmcm.fd
File: ot1ztmcm.fd 2000/01/03 Fontinst v1.801 font definitions for OT1/ztmcm.
)
LaTeX Font Info:    Try loading font information for OML+ztmcm on input line 4.


(C:\Users\titou\Desktop\INFO\LATEX\MiKTeX\tex\latex\psnfss\omlztmcm.fd
File: omlztmcm.fd 2000/01/03 Fontinst v1.801 font definitions for OML/ztmcm.
)
LaTeX Font Info:    Try loading font information for OMS+ztmcm on input line 4.


(C:\Users\titou\Desktop\INFO\LATEX\MiKTeX\tex\latex\psnfss\omsztmcm.fd
File: omsztmcm.fd 2000/01/03 Fontinst v1.801 font definitions for OMS/ztmcm.
)
LaTeX Font Info:    Try loading font information for OMX+ztmcm on input line 4.


(C:\Users\titou\Desktop\INFO\LATEX\MiKTeX\tex\latex\psnfss\omxztmcm.fd
File: omxztmcm.fd 2000/01/03 Fontinst v1.801 font definitions for OMX/ztmcm.
)
LaTeX Font Info:    Try loading font information for OT1+zplm on input line 4.

(C:\Users\titou\Desktop\INFO\LATEX\MiKTeX\tex\latex\psnfss\ot1zplm.fd
File: ot1zplm.fd 2002/09/08 Fontinst v1.914 font definitions for OT1/zplm.
)
LaTeX Font Info:    Try loading font information for OT1+ppl on input line 4.

(C:\Users\titou\Desktop\INFO\LATEX\MiKTeX\tex\latex\psnfss\ot1ppl.fd
File: ot1ppl.fd 2001/06/04 font definitions for OT1/ppl.
)
LaTeX Font Info:    Try loading font information for OML+zplm on input line 4.

(C:\Users\titou\Desktop\INFO\LATEX\MiKTeX\tex\latex\psnfss\omlzplm.fd
File: omlzplm.fd 2002/09/08 Fontinst v1.914 font definitions for OML/zplm.
)
LaTeX Font Info:    Try loading font information for OMS+zplm on input line 4.

(C:\Users\titou\Desktop\INFO\LATEX\MiKTeX\tex\latex\psnfss\omszplm.fd
File: omszplm.fd 2002/09/08 Fontinst v1.914 font definitions for OMS/zplm.
)
LaTeX Font Info:    Try loading font information for OT1+ptm on input line 4.

(C:\Users\titou\Desktop\INFO\LATEX\MiKTeX\tex\latex\psnfss\ot1ptm.fd
File: ot1ptm.fd 2001/06/04 font definitions for OT1/ptm.
)
LaTeX Font Info:    Font shape `OT1/ptm/bx/n' in size <12> not available
(Font)              Font shape `OT1/ptm/b/n' tried instead on input line 4.
LaTeX Font Info:    Font shape `OT1/ptm/bx/n' in size <9> not available
(Font)              Font shape `OT1/ptm/b/n' tried instead on input line 4.
LaTeX Font Info:    Font shape `OT1/ptm/bx/n' in size <7> not available
(Font)              Font shape `OT1/ptm/b/n' tried instead on input line 4.
LaTeX Font Info:    Try loading font information for TS1+ptm on input line 4.

(C:\Users\titou\Desktop\INFO\LATEX\MiKTeX\tex\latex\psnfss\ts1ptm.fd
File: ts1ptm.fd 2001/06/04 font definitions for TS1/ptm.
)
LaTeX Font Info:    Font shape `T1/ptm/bx/n' in size <12> not available
(Font)              Font shape `T1/ptm/b/n' tried instead on input line 7.


Package Fancyhdr Warning: \headheight is too small (12.0pt): 
 Make it at least 14.49998pt.
 We now make it that large for the rest of the document.
 This may cause the page layout to be inconsistent, however.

[1

]

Package Fancyhdr Warning: \headheight is too small (12.0pt): 
 Make it at least 14.49998pt.
 We now make it that large for the rest of the document.
 This may cause the page layout to be inconsistent, however.

[2])
\tf@toc=\write4


Package Fancyhdr Warning: \headheight is too small (12.0pt): 
 Make it at least 14.49998pt.
 We now make it that large for the rest of the document.
 This may cause the page layout to be inconsistent, however.

[3]
LaTeX Font Info:    Font shape `T1/ptm/bx/n' in size <17.28> not available
(Font)              Font shape `T1/ptm/b/n' tried instead on input line 92.


Package hyperref Warning: Difference (3) between bookmark levels is greater 
(hyperref)                than one, level fixed on input line 95.

(Introduction.tex

Package Fancyhdr Warning: \headheight is too small (12.0pt): 
 Make it at least 14.49998pt.
 We now make it that large for the rest of the document.
 This may cause the page layout to be inconsistent, however.

pdfTeX warning (ext4): destination with the same identifier (name{page.1}) has 
been already used, duplicate ignored
<to be read again> 
                   \relax 
l.6 
     [1])

Package hyperref Warning: Difference (2) between bookmark levels is greater 
(hyperref)                than one, level fixed on input line 98.

(formulation.tex <fig/marsRover.jpg, id=393, 740.0448pt x 416.2752pt>
File: fig/marsRover.jpg Graphic file (type jpg)

<use fig/marsRover.jpg>
Package pdftex.def Info: fig/marsRover.jpg used on input line 3.
(pdftex.def)             Requested size: 370.0215pt x 208.13708pt.


Package Fancyhdr Warning: \headheight is too small (12.0pt): 
 Make it at least 14.49998pt.
 We now make it that large for the rest of the document.
 This may cause the page layout to be inconsistent, however.

[2 <./fig/marsRover.jpg>]) (delimitation.tex

Package Fancyhdr Warning: \headheight is too small (12.0pt): 
 Make it at least 14.49998pt.
 We now make it that large for the rest of the document.
 This may cause the page layout to be inconsistent, however.

[3] <fig/schemaSystem.jpg, id=414, 963.6pt x 542.025pt>
File: fig/schemaSystem.jpg Graphic file (type jpg)

<use fig/schemaSystem.jpg>
Package pdftex.def Info: fig/schemaSystem.jpg used on input line 34.
(pdftex.def)             Requested size: 385.43317pt x 216.80615pt.
)

Package Fancyhdr Warning: \headheight is too small (12.0pt): 
 Make it at least 14.49998pt.
 We now make it that large for the rest of the document.
 This may cause the page layout to be inconsistent, however.

[4 <./fig/schemaSystem.jpg>]
Part 1.
(Mars.tex) (atmosphere.tex
<fig/poussiere.jpg, id=423, 592.2125pt x 344.28625pt>
File: fig/poussiere.jpg Graphic file (type jpg)
 <use fig/poussiere.jpg>
Package pdftex.def Info: fig/poussiere.jpg used on input line 7.
(pdftex.def)             Requested size: 355.33023pt x 206.57333pt.


LaTeX Warning: `h' float specifier changed to `ht'.

LaTeX Font Info:    Font shape `OT1/ptm/bx/n' in size <10> not available
(Font)              Font shape `OT1/ptm/b/n' tried instead on input line 12.
LaTeX Font Info:    Font shape `OT1/ptm/bx/n' in size <7.4> not available
(Font)              Font shape `OT1/ptm/b/n' tried instead on input line 12.
LaTeX Font Info:    Font shape `OT1/ptm/bx/n' in size <6> not available
(Font)              Font shape `OT1/ptm/b/n' tried instead on input line 12.

Package Fancyhdr Warning: \headheight is too small (12.0pt): 
 Make it at least 14.49998pt.
 We now make it that large for the rest of the document.
 This may cause the page layout to be inconsistent, however.

[5

] <fig/storm.jpg, id=438, 401.5pt x 238.8925pt>
File: fig/storm.jpg Graphic file (type jpg)
 <use fig/storm.jpg>
Package pdftex.def Info: fig/storm.jpg used on input line 15.
(pdftex.def)             Requested size: 361.34665pt x 215.00125pt.
)
(climate.tex)

Package Fancyhdr Warning: \headheight is too small (12.0pt): 
 Make it at least 14.49998pt.
 We now make it that large for the rest of the document.
 This may cause the page layout to be inconsistent, however.

[6 <./fig/poussiere.jpg> <./fig/storm.jpg>] (albedo.tex)

Package Fancyhdr Warning: \headheight is too small (12.0pt): 
 Make it at least 14.49998pt.
 We now make it that large for the rest of the document.
 This may cause the page layout to be inconsistent, however.

[7] (StateOfArtIntro.tex

Package Fancyhdr Warning: \headheight is too small (12.0pt): 
 Make it at least 14.49998pt.
 We now make it that large for the rest of the document.
 This may cause the page layout to be inconsistent, however.

[8

])

Package Fancyhdr Warning: \headheight is too small (12.0pt): 
 Make it at least 14.49998pt.
 We now make it that large for the rest of the document.
 This may cause the page layout to be inconsistent, however.

[9] (singleShotTechniques.tex

Package hyperref Warning: Token not allowed in a PDF string (PDFDocEncoding):
(hyperref)                removing `\@ifnextchar' on input line 1.

<fig/disorder1.jpg, id=473, 963.6pt x 542.025pt>
File: fig/disorder1.jpg Graphic file (type jpg)
 <use fig/disorder1.jpg>
Package pdftex.def Info: fig/disorder1.jpg used on input line 16.
(pdftex.def)             Requested size: 578.16447pt x 325.2175pt.


LaTeX Warning: `h' float specifier changed to `ht'.


Package Fancyhdr Warning: \headheight is too small (12.0pt): 
 Make it at least 14.49998pt.
 We now make it that large for the rest of the document.
 This may cause the page layout to be inconsistent, however.

[10


]

Package Fancyhdr Warning: \headheight is too small (12.0pt): 
 Make it at least 14.49998pt.
 We now make it that large for the rest of the document.
 This may cause the page layout to be inconsistent, however.

[11 <./fig/disorder1.jpg>] <fig/detect1.jpg, id=490, 963.6pt x 542.025pt>
File: fig/detect1.jpg Graphic file (type jpg)

<use fig/detect1.jpg>
Package pdftex.def Info: fig/detect1.jpg used on input line 64.
(pdftex.def)             Requested size: 289.08223pt x 162.60875pt.

Overfull \hbox (75.68655pt too wide) in paragraph at lines 64--66
 [][] 
 []

<fig/detect2.jpg, id=491, 963.6pt x 542.025pt>
File: fig/detect2.jpg Graphic file (type jpg)
 <use fig/detect2.jpg>
Package pdftex.def Info: fig/detect2.jpg used on input line 68.
(pdftex.def)             Requested size: 289.08223pt x 162.60875pt.

Overfull \hbox (75.68655pt too wide) in paragraph at lines 68--70
 [][] 
 []

<fig/detect3.jpg, id=492, 963.6pt x 542.025pt>
File: fig/detect3.jpg Graphic file (type jpg)
 <use fig/detect3.jpg>
Package pdftex.def Info: fig/detect3.jpg used on input line 73.
(pdftex.def)             Requested size: 289.08223pt x 162.60875pt.

Overfull \hbox (75.68655pt too wide) in paragraph at lines 73--75
 [][] 
 []

<fig/detect4.jpg, id=493, 963.6pt x 542.025pt>
File: fig/detect4.jpg Graphic file (type jpg)
 <use fig/detect4.jpg>
Package pdftex.def Info: fig/detect4.jpg used on input line 77.
(pdftex.def)             Requested size: 289.08223pt x 162.60875pt.

Overfull \hbox (75.68655pt too wide) in paragraph at lines 77--79
 [][] 
 []


Package Fancyhdr Warning: \headheight is too small (12.0pt): 
 Make it at least 14.49998pt.
 We now make it that large for the rest of the document.
 This may cause the page layout to be inconsistent, however.

[12 <./fig/detect1.jpg> <./fig/detect2.jpg> <./fig/detect3.jpg> <./fig/detect4.
jpg>] <fig/codeWords.jpg, id=501, 963.6pt x 542.025pt>
File: fig/codeWords.jpg Graphic file (type jpg)
 <use fig/codeWords.jpg>
Package pdftex.def Info: fig/codeWords.jpg used on input line 133.
(pdftex.def)             Requested size: 481.79883pt x 271.01183pt.


LaTeX Warning: `h' float specifier changed to `ht'.

<fig/color-coded.jpg, id=503, 963.6pt x 542.025pt>
File: fig/color-coded.jpg Graphic file (type jpg)
 <use fig/color-coded.jpg>
Package pdftex.def Info: fig/color-coded.jpg used on input line 148.
(pdftex.def)             Requested size: 481.79883pt x 271.01183pt.


LaTeX Warning: `h' float specifier changed to `ht'.

)

Package Fancyhdr Warning: \headheight is too small (12.0pt): 
 Make it at least 14.49998pt.
 We now make it that large for the rest of the document.
 This may cause the page layout to be inconsistent, however.

[13]

Package Fancyhdr Warning: \headheight is too small (12.0pt): 
 Make it at least 14.49998pt.
 We now make it that large for the rest of the document.
 This may cause the page layout to be inconsistent, however.

[14 <./fig/codeWords.jpg> <./fig/color-coded.jpg>] (HSVMorpho.tex
<fig/HSV.png, id=515, 1606.0pt x 1204.5pt>
File: fig/HSV.png Graphic file (type png)
 <use fig/HSV.png>
Package pdftex.def Info: fig/HSV.png used on input line 10.
(pdftex.def)             Requested size: 321.19432pt x 240.89574pt.


Package hyperref Warning: Token not allowed in a PDF string (PDFDocEncoding):
(hyperref)                removing `\@ifnextchar' on input line 15.


Package Fancyhdr Warning: \headheight is too small (12.0pt): 
 Make it at least 14.49998pt.
 We now make it that large for the rest of the document.
 This may cause the page layout to be inconsistent, however.

[15

 <./fig/HSV.png>] <fig/erosion.png, id=530, 308.8338pt x 125.5089pt>
File: fig/erosion.png Graphic file (type png)

<use fig/erosion.png>
Package pdftex.def Info: fig/erosion.png used on input line 20.
(pdftex.def)             Requested size: 308.83304pt x 125.50858pt.
 <fig/dilation.png, id=531, 308.8338pt x 125.5089pt>
File: fig/dilation.png Graphic file (type png)

<use fig/dilation.png>
Package pdftex.def Info: fig/dilation.png used on input line 27.
(pdftex.def)             Requested size: 308.83304pt x 125.50858pt.


Package Fancyhdr Warning: \headheight is too small (12.0pt): 
 Make it at least 14.49998pt.
 We now make it that large for the rest of the document.
 This may cause the page layout to be inconsistent, however.

[16 <./fig/erosion.png> <./fig/dilation.png>])

Package Fancyhdr Warning: \headheight is too small (12.0pt): 
 Make it at least 14.49998pt.
 We now make it that large for the rest of the document.
 This may cause the page layout to be inconsistent, however.

[17]
Part 2.
(Aperture.tex

Package Fancyhdr Warning: \headheight is too small (12.0pt): 
 Make it at least 14.49998pt.
 We now make it that large for the rest of the document.
 This may cause the page layout to be inconsistent, however.

[18

] <fig/FOV.png, id=551, 561.09625pt x 302.12875pt>
File: fig/FOV.png Graphic file (type png)
 <use fig/FOV.png>
Package pdftex.def Info: fig/FOV.png used on input line 19.
(pdftex.def)             Requested size: 392.7647pt x 211.48868pt.

Underfull \hbox (badness 10000) in paragraph at lines 40--42

 []


Package Fancyhdr Warning: \headheight is too small (12.0pt): 
 Make it at least 14.49998pt.
 We now make it that large for the rest of the document.
 This may cause the page layout to be inconsistent, however.

[19 <./fig/FOV.png>]
Underfull \hbox (badness 10000) in paragraph at lines 61--63

 []

<fig/DoCDifspot.pdf, id=562, 614.295pt x 794.97pt>
File: fig/DoCDifspot.pdf Graphic file (type pdf)
 <use fig/DoCDifspot.pdf>
Package pdftex.def Info: fig/DoCDifspot.pdf used on input line 68.
(pdftex.def)             Requested size: 399.05894pt x 316.25023pt.


Package Fancyhdr Warning: \headheight is too small (12.0pt): 
 Make it at least 14.49998pt.
 We now make it that large for the rest of the document.
 This may cause the page layout to be inconsistent, however.

[20]) (LED.tex

Package Fancyhdr Warning: \headheight is too small (12.0pt): 
 Make it at least 14.49998pt.
 We now make it that large for the rest of the document.
 This may cause the page layout to be inconsistent, however.

[21 <./fig/DoCDifspot.pdf>] <fig/QeCCD.png, id=606, 587.94656pt x 363.60844pt>
File: fig/QeCCD.png Graphic file (type png)

<use fig/QeCCD.png>
Package pdftex.def Info: fig/QeCCD.png used on input line 10.
(pdftex.def)             Requested size: 352.77066pt x 218.16673pt.
 <fig/LEDsystem.jpg, id=610, 963.6pt x 542.025pt>
File: fig/LEDsystem.jpg Graphic file (type jpg)

<use fig/LEDsystem.jpg>
Package pdftex.def Info: fig/LEDsystem.jpg used on input line 20.
(pdftex.def)             Requested size: 385.43317pt x 216.80615pt.


LaTeX Warning: `h' float specifier changed to `ht'.


Package Fancyhdr Warning: \headheight is too small (12.0pt): 
 Make it at least 14.49998pt.
 We now make it that large for the rest of the document.
 This may cause the page layout to be inconsistent, however.

[22 <./fig/QeCCD.png>]) (Irradiance.tex

Package Fancyhdr Warning: \headheight is too small (12.0pt): 
 Make it at least 14.49998pt.
 We now make it that large for the rest of the document.
 This may cause the page layout to be inconsistent, however.

[23 <./fig/LEDsystem.jpg>]
Overfull \hbox (6.31049pt too wide) in paragraph at lines 23--24
\T1/ptm/m/n/12 chose the one when $\OML/ztmcm/m/it/12 R$ \T1/ptm/m/n/12 cor-re-
sponds to the semi-major axis. In this case $\OML/ztmcm/m/it/12 R \OT1/zplm/m/n
/12 = \OT1/ztmcm/m/n/12 2, 27936.10[] \OML/ztmcm/m/it/12 km$
 []


Package Fancyhdr Warning: \headheight is too small (12.0pt): 
 Make it at least 14.49998pt.
 We now make it that large for the rest of the document.
 This may cause the page layout to be inconsistent, however.

[24]

Package Fancyhdr Warning: \headheight is too small (12.0pt): 
 Make it at least 14.49998pt.
 We now make it that large for the rest of the document.
 This may cause the page layout to be inconsistent, however.

[25]

Package Fancyhdr Warning: \headheight is too small (12.0pt): 
 Make it at least 14.49998pt.
 We now make it that large for the rest of the document.
 This may cause the page layout to be inconsistent, however.

[26]

Package Fancyhdr Warning: \headheight is too small (12.0pt): 
 Make it at least 14.49998pt.
 We now make it that large for the rest of the document.
 This may cause the page layout to be inconsistent, however.

[27]

Package Fancyhdr Warning: \headheight is too small (12.0pt): 
 Make it at least 14.49998pt.
 We now make it that large for the rest of the document.
 This may cause the page layout to be inconsistent, however.

[28]

Package Fancyhdr Warning: \headheight is too small (12.0pt): 
 Make it at least 14.49998pt.
 We now make it that large for the rest of the document.
 This may cause the page layout to be inconsistent, however.

[29]) (RecapTab.tex

Package Fancyhdr Warning: \headheight is too small (12.0pt): 
 Make it at least 14.49998pt.
 We now make it that large for the rest of the document.
 This may cause the page layout to be inconsistent, however.

[30]

Package Fancyhdr Warning: \headheight is too small (12.0pt): 
 Make it at least 14.49998pt.
 We now make it that large for the rest of the document.
 This may cause the page layout to be inconsistent, however.

[31]) (theorie1D.tex <fig/schema1D.jpg, id=725, 963.6pt x 542.025pt>
File: fig/schema1D.jpg Graphic file (type jpg)

<use fig/schema1D.jpg>
Package pdftex.def Info: fig/schema1D.jpg used on input line 7.
(pdftex.def)             Requested size: 481.79883pt x 271.01183pt.


LaTeX Warning: `h' float specifier changed to `ht'.


Package Fancyhdr Warning: \headheight is too small (12.0pt): 
 Make it at least 14.49998pt.
 We now make it that large for the rest of the document.
 This may cause the page layout to be inconsistent, however.

[32]

Package Fancyhdr Warning: \headheight is too small (12.0pt): 
 Make it at least 14.49998pt.
 We now make it that large for the rest of the document.
 This may cause the page layout to be inconsistent, however.

[33 <./fig/schema1D.jpg>] <fig/calibration.jpg, id=741, 963.6pt x 542.025pt>
File: fig/calibration.jpg Graphic file (type jpg)

<use fig/calibration.jpg>
Package pdftex.def Info: fig/calibration.jpg used on input line 61.
(pdftex.def)             Requested size: 385.43317pt x 216.80615pt.


Package Fancyhdr Warning: \headheight is too small (12.0pt): 
 Make it at least 14.49998pt.
 We now make it that large for the rest of the document.
 This may cause the page layout to be inconsistent, however.

[34 <./fig/calibration.jpg>]) (ColorDetection.tex
Overfull \hbox (2.70882pt too wide) in paragraph at lines 7--8
\T1/ptm/m/n/12 stream ob-tained thanks to the com-puter we-b-cam. These im-ages
 are pro-cessed very quickly,
 []


Package Fancyhdr Warning: \headheight is too small (12.0pt): 
 Make it at least 14.49998pt.
 We now make it that large for the rest of the document.
 This may cause the page layout to be inconsistent, however.

[35] <fig/trackbars.png, id=757, 1284.8pt x 292.09125pt>
File: fig/trackbars.png Graphic file (type png)

<use fig/trackbars.png>
Package pdftex.def Info: fig/trackbars.png used on input line 13.
(pdftex.def)             Requested size: 449.68674pt x 102.23346pt.

Overfull \hbox (22.89539pt too wide) in paragraph at lines 13--14
 [][] 
 []

<fig/contours.png, id=759, 439.6425pt x 340.27126pt>
File: fig/contours.png Graphic file (type png)
 <use fig/contours.png>
Package pdftex.def Info: fig/contours.png used on input line 22.
(pdftex.def)             Requested size: 263.78752pt x 204.16432pt.


Package Fancyhdr Warning: \headheight is too small (12.0pt): 
 Make it at least 14.49998pt.
 We now make it that large for the rest of the document.
 This may cause the page layout to be inconsistent, however.

[36 <./fig/trackbars.png> <./fig/contours.png>]
<fig/finalImage.png, id=768, 387.4475pt x 424.58624pt>
File: fig/finalImage.png Graphic file (type png)

<use fig/finalImage.png>
Package pdftex.def Info: fig/finalImage.png used on input line 46.
(pdftex.def)             Requested size: 232.47029pt x 254.75371pt.


Package Fancyhdr Warning: \headheight is too small (12.0pt): 
 Make it at least 14.49998pt.
 We now make it that large for the rest of the document.
 This may cause the page layout to be inconsistent, however.

[37 <./fig/finalImage.png>]) (Centroiding.tex

Package Fancyhdr Warning: \headheight is too small (12.0pt): 
 Make it at least 14.49998pt.
 We now make it that large for the rest of the document.
 This may cause the page layout to be inconsistent, however.

[38] <fig/Grid.png, id=786, 250.9375pt x 250.9375pt>
File: fig/Grid.png Graphic file (type png)
 <use fig/Grid.png>
Package pdftex.def Info: fig/Grid.png used on input line 19.
(pdftex.def)             Requested size: 190.71063pt x 190.71063pt.

<fig/GridCentroiding.png, id=787, 501.875pt x 501.875pt>
File: fig/GridCentroiding.png Graphic file (type png)

<use fig/GridCentroiding.png>
Package pdftex.def Info: fig/GridCentroiding.png used on input line 24.
(pdftex.def)             Requested size: 190.71448pt x 190.71448pt.


Package Fancyhdr Warning: \headheight is too small (12.0pt): 
 Make it at least 14.49998pt.
 We now make it that large for the rest of the document.
 This may cause the page layout to be inconsistent, however.

[39 <./fig/Grid.png> <./fig/GridCentroiding.png (PNG copy)>]

Package Fancyhdr Warning: \headheight is too small (12.0pt): 
 Make it at least 14.49998pt.
 We now make it that large for the rest of the document.
 This may cause the page layout to be inconsistent, however.

[40] <fig/NoisyGrid.png, id=810, 250.9375pt x 250.9375pt>
File: fig/NoisyGrid.png Graphic file (type png)

<use fig/NoisyGrid.png>
Package pdftex.def Info: fig/NoisyGrid.png used on input line 52.
(pdftex.def)             Requested size: 190.71063pt x 190.71063pt.

<fig/NoisyGridCentroiding.jpg, id=811, 501.875pt x 501.875pt>
File: fig/NoisyGridCentroiding.jpg Graphic file (type jpg)

<use fig/NoisyGridCentroiding.jpg>
Package pdftex.def Info: fig/NoisyGridCentroiding.jpg used on input line 57.
(pdftex.def)             Requested size: 190.71448pt x 190.71448pt.
)

Package Fancyhdr Warning: \headheight is too small (12.0pt): 
 Make it at least 14.49998pt.
 We now make it that large for the rest of the document.
 This may cause the page layout to be inconsistent, however.

[41 <./fig/NoisyGrid.png> <./fig/NoisyGridCentroiding.jpg>]
(IntegrationTest1Point.tex
Part 3.

Package Fancyhdr Warning: \headheight is too small (12.0pt): 
 Make it at least 14.49998pt.
 We now make it that large for the rest of the document.
 This may cause the page layout to be inconsistent, however.

[42


]

Package Fancyhdr Warning: \headheight is too small (12.0pt): 
 Make it at least 14.49998pt.
 We now make it that large for the rest of the document.
 This may cause the page layout to be inconsistent, however.

[43]

Package Fancyhdr Warning: \headheight is too small (12.0pt): 
 Make it at least 14.49998pt.
 We now make it that large for the rest of the document.
 This may cause the page layout to be inconsistent, however.

[44]

Package Fancyhdr Warning: \headheight is too small (12.0pt): 
 Make it at least 14.49998pt.
 We now make it that large for the rest of the document.
 This may cause the page layout to be inconsistent, however.

[45] <fig/CamLaser.jpg, id=855, 481.8pt x 494.84875pt>
File: fig/CamLaser.jpg Graphic file (type jpg)
 <use fig/CamLaser.jpg>
Package pdftex.def Info: fig/CamLaser.jpg used on input line 86.
(pdftex.def)             Requested size: 168.63252pt x 173.19966pt.

<fig/BlackBoard.jpg, id=856, 642.4pt x 481.8pt>
File: fig/BlackBoard.jpg Graphic file (type jpg)
 <use fig/BlackBoard.jpg>
Package pdftex.def Info: fig/BlackBoard.jpg used on input line 91.
(pdftex.def)             Requested size: 224.84337pt x 168.63252pt.


Package Fancyhdr Warning: \headheight is too small (12.0pt): 
 Make it at least 14.49998pt.
 We now make it that large for the rest of the document.
 This may cause the page layout to be inconsistent, however.

[46 <./fig/CamLaser.jpg> <./fig/BlackBoard.jpg>]
<fig/137cm.jpg, id=869, 642.4pt x 427.5975pt>
File: fig/137cm.jpg Graphic file (type jpg)
 <use fig/137cm.jpg>
Package pdftex.def Info: fig/137cm.jpg used on input line 116.
(pdftex.def)             Requested size: 192.72148pt x 128.28023pt.

<fig/137PointHSV.jpg, id=870, 642.4pt x 427.5975pt>
File: fig/137PointHSV.jpg Graphic file (type jpg)
 <use fig/137PointHSV.jpg>
Package pdftex.def Info: fig/137PointHSV.jpg used on input line 121.
(pdftex.def)             Requested size: 192.72148pt x 128.28023pt.

<fig/98dot5cm.jpg, id=871, 642.4pt x 427.5975pt>
File: fig/98dot5cm.jpg Graphic file (type jpg)
 <use fig/98dot5cm.jpg>
Package pdftex.def Info: fig/98dot5cm.jpg used on input line 125.
(pdftex.def)             Requested size: 192.72148pt x 128.28023pt.

<fig/98dot5PointHSV.jpg, id=872, 642.4pt x 427.5975pt>
File: fig/98dot5PointHSV.jpg Graphic file (type jpg)

<use fig/98dot5PointHSV.jpg>
Package pdftex.def Info: fig/98dot5PointHSV.jpg used on input line 130.
(pdftex.def)             Requested size: 192.72148pt x 128.28023pt.


LaTeX Warning: `!h' float specifier changed to `!ht'.


Package Fancyhdr Warning: \headheight is too small (12.0pt): 
 Make it at least 14.49998pt.
 We now make it that large for the rest of the document.
 This may cause the page layout to be inconsistent, however.

[47] <fig/chart1Point.png, id=883, 731.73375pt x 513.92pt>
File: fig/chart1Point.png Graphic file (type png)

<use fig/chart1Point.png>
Package pdftex.def Info: fig/chart1Point.png used on input line 154.
(pdftex.def)             Requested size: 365.86598pt x 256.95937pt.


LaTeX Warning: `!h' float specifier changed to `!ht'.


Package Fancyhdr Warning: \headheight is too small (12.0pt): 
 Make it at least 14.49998pt.
 We now make it that large for the rest of the document.
 This may cause the page layout to be inconsistent, however.

[48 <./fig/137cm.jpg> <./fig/137PointHSV.jpg> <./fig/98dot5cm.jpg> <./fig/98dot
5PointHSV.jpg>])

Package Fancyhdr Warning: \headheight is too small (12.0pt): 
 Make it at least 14.49998pt.
 We now make it that large for the rest of the document.
 This may cause the page layout to be inconsistent, however.

[49 <./fig/chart1Point.png>] (expGrid.tex
<fig/expGridSchema.jpg, id=899, 963.6pt x 542.025pt>
File: fig/expGridSchema.jpg Graphic file (type jpg)

<use fig/expGridSchema.jpg>
Package pdftex.def Info: fig/expGridSchema.jpg used on input line 15.
(pdftex.def)             Requested size: 385.43317pt x 216.80615pt.


Package Fancyhdr Warning: \headheight is too small (12.0pt): 
 Make it at least 14.49998pt.
 We now make it that large for the rest of the document.
 This may cause the page layout to be inconsistent, however.

[50

] <fig/positioning50Object.jpg, id=908, 642.4pt x 481.8pt>
File: fig/positioning50Object.jpg Graphic file (type jpg)

<use fig/positioning50Object.jpg>
Package pdftex.def Info: fig/positioning50Object.jpg used on input line 44.
(pdftex.def)             Requested size: 192.72148pt x 144.5411pt.

<fig/expGrid50HSV.jpg, id=909, 642.4pt x 481.8pt>
File: fig/expGrid50HSV.jpg Graphic file (type jpg)
 <use fig/expGrid50HSV.jpg>
Package pdftex.def Info: fig/expGrid50HSV.jpg used on input line 49.
(pdftex.def)             Requested size: 192.72148pt x 144.5411pt.


LaTeX Warning: `!h' float specifier changed to `!ht'.

<fig/grid70.jpg, id=910, 642.4pt x 481.8pt>
File: fig/grid70.jpg Graphic file (type jpg)
 <use fig/grid70.jpg>
Package pdftex.def Info: fig/grid70.jpg used on input line 58.
(pdftex.def)             Requested size: 192.72148pt x 144.5411pt.

<fig/grid70HSV.jpg, id=911, 642.4pt x 481.8pt>
File: fig/grid70HSV.jpg Graphic file (type jpg)
 <use fig/grid70HSV.jpg>
Package pdftex.def Info: fig/grid70HSV.jpg used on input line 63.
(pdftex.def)             Requested size: 192.72148pt x 144.5411pt.


LaTeX Warning: `!h' float specifier changed to `!ht'.


Package Fancyhdr Warning: \headheight is too small (12.0pt): 
 Make it at least 14.49998pt.
 We now make it that large for the rest of the document.
 This may cause the page layout to be inconsistent, however.

[51 <./fig/expGridSchema.jpg>]

Package Fancyhdr Warning: \headheight is too small (12.0pt): 
 Make it at least 14.49998pt.
 We now make it that large for the rest of the document.
 This may cause the page layout to be inconsistent, however.

[52 <./fig/positioning50Object.jpg> <./fig/expGrid50HSV.jpg> <./fig/grid70.jpg>
 <./fig/grid70HSV.jpg>]

Package Fancyhdr Warning: \headheight is too small (12.0pt): 
 Make it at least 14.49998pt.
 We now make it that large for the rest of the document.
 This may cause the page layout to be inconsistent, however.

[53]

Package Fancyhdr Warning: \headheight is too small (12.0pt): 
 Make it at least 14.49998pt.
 We now make it that large for the rest of the document.
 This may cause the page layout to be inconsistent, however.

[54]

Package Fancyhdr Warning: \headheight is too small (12.0pt): 
 Make it at least 14.49998pt.
 We now make it that large for the rest of the document.
 This may cause the page layout to be inconsistent, however.

[55] <fig/error.png, id=956, 587.19376pt x 340.27126pt>
File: fig/error.png Graphic file (type png)
 <use fig/error.png>
Package pdftex.def Info: fig/error.png used on input line 221.
(pdftex.def)             Requested size: 411.03282pt x 238.18825pt.


Package Fancyhdr Warning: \headheight is too small (12.0pt): 
 Make it at least 14.49998pt.
 We now make it that large for the rest of the document.
 This may cause the page layout to be inconsistent, however.

[56 <./fig/error.png>]) (Outdoor.tex
<fig/CentroidFrameOutdoor.png, id=963, 1084.05pt x 722.7pt>
File: fig/CentroidFrameOutdoor.png Graphic file (type png)

<use fig/CentroidFrameOutdoor.png>
Package pdftex.def Info: fig/CentroidFrameOutdoor.png used on input line 6.
(pdftex.def)             Requested size: 195.12057pt x 130.08038pt.

<fig/CentroidFrameOutdoorBlurred.png, id=964, 642.4pt x 427.5975pt>
File: fig/CentroidFrameOutdoorBlurred.png Graphic file (type png)

<use fig/CentroidFrameOutdoorBlurred.png>
Package pdftex.def Info: fig/CentroidFrameOutdoorBlurred.png used on input line
 12.
(pdftex.def)             Requested size: 192.72148pt x 128.28023pt.
)

Package Fancyhdr Warning: \headheight is too small (12.0pt): 
 Make it at least 14.49998pt.
 We now make it that large for the rest of the document.
 This may cause the page layout to be inconsistent, however.

[57 <./fig/CentroidFrameOutdoor.png> <./fig/CentroidFrameOutdoorBlurred.png>]
(conclusion.tex
Underfull \hbox (badness 10000) in paragraph at lines 12--13

 []

)

Package Fancyhdr Warning: \headheight is too small (12.0pt): 
 Make it at least 14.49998pt.
 We now make it that large for the rest of the document.
 This may cause the page layout to be inconsistent, however.

[58

]
Appendix A.
<fig/LedDataSheet.png, id=979, 548.80031pt x 218.31563pt>
File: fig/LedDataSheet.png Graphic file (type png)

<use fig/LedDataSheet.png>
Package pdftex.def Info: fig/LedDataSheet.png used on input line 152.
(pdftex.def)             Requested size: 439.04083pt x 174.65273pt.


Package Fancyhdr Warning: \headheight is too small (12.0pt): 
 Make it at least 14.49998pt.
 We now make it that large for the rest of the document.
 This may cause the page layout to be inconsistent, however.

[59


 <./fig/LedDataSheet.png>]
Appendix B.
<fig/Checkboard.png, id=985, 870.25125pt x 559.08875pt>
File: fig/Checkboard.png Graphic file (type png)

<use fig/Checkboard.png>
Package pdftex.def Info: fig/Checkboard.png used on input line 161.
(pdftex.def)             Requested size: 217.56227pt x 139.77184pt.

<fig/Extrinsics.png, id=986, 633.36626pt x 492.84125pt>
File: fig/Extrinsics.png Graphic file (type png)

<use fig/Extrinsics.png>
Package pdftex.def Info: fig/Extrinsics.png used on input line 167.
(pdftex.def)             Requested size: 285.01218pt x 221.7765pt.


Package Fancyhdr Warning: \headheight is too small (12.0pt): 
 Make it at least 14.49998pt.
 We now make it that large for the rest of the document.
 This may cause the page layout to be inconsistent, however.

[60

 <./fig/Checkboard.png> <./fig/Extrinsics.png>]
Appendix C.
<fig/CCDdatasheet.pdf, id=993, 597.23125pt x 845.1575pt>
File: fig/CCDdatasheet.pdf Graphic file (type pdf)

<use fig/CCDdatasheet.pdf>
Package pdftex.def Info: fig/CCDdatasheet.pdf used on input line 175.
(pdftex.def)             Requested size: 597.22978pt x 845.15544pt.
File: fig/CCDdatasheet.pdf Graphic file (type pdf)
 <use fig/CCDdatasheet.pdf>
Package pdftex.def Info: fig/CCDdatasheet.pdf used on input line 175.
(pdftex.def)             Requested size: 597.22978pt x 845.15544pt.

<fig/CCDdatasheet.pdf, id=996, page=1, 597.23125pt x 845.1575pt>
File: fig/CCDdatasheet.pdf Graphic file (type pdf)

<use fig/CCDdatasheet.pdf, page 1>
Package pdftex.def Info: fig/CCDdatasheet.pdf, page1 used on input line 175.
(pdftex.def)             Requested size: 597.22978pt x 845.15544pt.
File: fig/CCDdatasheet.pdf Graphic file (type pdf)
 <use fig/CCDdatasheet.pdf, page 1>
Package pdftex.def Info: fig/CCDdatasheet.pdf, page1 used on input line 175.
(pdftex.def)             Requested size: 597.25711pt x 845.19412pt.


Package Fancyhdr Warning: \headheight is too small (12.0pt): 
 Make it at least 14.49998pt.
 We now make it that large for the rest of the document.
 This may cause the page layout to be inconsistent, however.

[61

]
File: fig/CCDdatasheet.pdf Graphic file (type pdf)
 <use fig/CCDdatasheet.pdf, page 1>
Package pdftex.def Info: fig/CCDdatasheet.pdf, page1 used on input line 175.
(pdftex.def)             Requested size: 597.25711pt x 845.19412pt.
File: fig/CCDdatasheet.pdf Graphic file (type pdf)
 <use fig/CCDdatasheet.pdf, page 1>
Package pdftex.def Info: fig/CCDdatasheet.pdf, page1 used on input line 175.
(pdftex.def)             Requested size: 597.25711pt x 845.19412pt.
File: fig/CCDdatasheet.pdf Graphic file (type pdf)

<use fig/CCDdatasheet.pdf, page 1>
Package pdftex.def Info: fig/CCDdatasheet.pdf, page1 used on input line 175.
(pdftex.def)             Requested size: 597.25711pt x 845.19412pt.
 [62 <./fig/CCDdatasheet.pdf>]
<fig/CCDdatasheet.pdf, id=1030, page=2, 597.23125pt x 845.1575pt>
File: fig/CCDdatasheet.pdf Graphic file (type pdf)

<use fig/CCDdatasheet.pdf, page 2>
Package pdftex.def Info: fig/CCDdatasheet.pdf, page2 used on input line 175.
(pdftex.def)             Requested size: 597.25711pt x 845.19412pt.
File: fig/CCDdatasheet.pdf Graphic file (type pdf)
 <use fig/CCDdatasheet.pdf, page 2>
Package pdftex.def Info: fig/CCDdatasheet.pdf, page2 used on input line 175.
(pdftex.def)             Requested size: 597.25711pt x 845.19412pt.
File: fig/CCDdatasheet.pdf Graphic file (type pdf)

<use fig/CCDdatasheet.pdf, page 2>
Package pdftex.def Info: fig/CCDdatasheet.pdf, page2 used on input line 175.
(pdftex.def)             Requested size: 597.25711pt x 845.19412pt.
 [63 <./fig/CCDdatasheet.pdf>]
<fig/CCDdatasheet.pdf, id=1042, page=3, 597.23125pt x 845.1575pt>
File: fig/CCDdatasheet.pdf Graphic file (type pdf)

<use fig/CCDdatasheet.pdf, page 3>
Package pdftex.def Info: fig/CCDdatasheet.pdf, page3 used on input line 175.
(pdftex.def)             Requested size: 597.25711pt x 845.19412pt.
File: fig/CCDdatasheet.pdf Graphic file (type pdf)
 <use fig/CCDdatasheet.pdf, page 3>
Package pdftex.def Info: fig/CCDdatasheet.pdf, page3 used on input line 175.
(pdftex.def)             Requested size: 597.25711pt x 845.19412pt.
File: fig/CCDdatasheet.pdf Graphic file (type pdf)

<use fig/CCDdatasheet.pdf, page 3>
Package pdftex.def Info: fig/CCDdatasheet.pdf, page3 used on input line 175.
(pdftex.def)             Requested size: 597.25711pt x 845.19412pt.
 [64 <./fig/CCDdatasheet.pdf>]
<fig/CCDdatasheet.pdf, id=1051, page=4, 597.23125pt x 845.1575pt>
File: fig/CCDdatasheet.pdf Graphic file (type pdf)

<use fig/CCDdatasheet.pdf, page 4>
Package pdftex.def Info: fig/CCDdatasheet.pdf, page4 used on input line 175.
(pdftex.def)             Requested size: 597.25711pt x 845.19412pt.
File: fig/CCDdatasheet.pdf Graphic file (type pdf)
 <use fig/CCDdatasheet.pdf, page 4>
Package pdftex.def Info: fig/CCDdatasheet.pdf, page4 used on input line 175.
(pdftex.def)             Requested size: 597.25711pt x 845.19412pt.
File: fig/CCDdatasheet.pdf Graphic file (type pdf)

<use fig/CCDdatasheet.pdf, page 4>
Package pdftex.def Info: fig/CCDdatasheet.pdf, page4 used on input line 175.
(pdftex.def)             Requested size: 597.25711pt x 845.19412pt.
 [65 <./fig/CCDdatasheet.pdf>]
<fig/CCDdatasheet.pdf, id=1056, page=5, 597.23125pt x 845.1575pt>
File: fig/CCDdatasheet.pdf Graphic file (type pdf)

<use fig/CCDdatasheet.pdf, page 5>
Package pdftex.def Info: fig/CCDdatasheet.pdf, page5 used on input line 175.
(pdftex.def)             Requested size: 597.25711pt x 845.19412pt.
File: fig/CCDdatasheet.pdf Graphic file (type pdf)
 <use fig/CCDdatasheet.pdf, page 5>
Package pdftex.def Info: fig/CCDdatasheet.pdf, page5 used on input line 175.
(pdftex.def)             Requested size: 597.25711pt x 845.19412pt.
File: fig/CCDdatasheet.pdf Graphic file (type pdf)

<use fig/CCDdatasheet.pdf, page 5>
Package pdftex.def Info: fig/CCDdatasheet.pdf, page5 used on input line 175.
(pdftex.def)             Requested size: 597.25711pt x 845.19412pt.
 [66 <./fig/CCDdatasheet.pdf>]
<fig/CCDdatasheet.pdf, id=1071, page=6, 597.23125pt x 845.1575pt>
File: fig/CCDdatasheet.pdf Graphic file (type pdf)

<use fig/CCDdatasheet.pdf, page 6>
Package pdftex.def Info: fig/CCDdatasheet.pdf, page6 used on input line 175.
(pdftex.def)             Requested size: 597.25711pt x 845.19412pt.
File: fig/CCDdatasheet.pdf Graphic file (type pdf)
 <use fig/CCDdatasheet.pdf, page 6>
Package pdftex.def Info: fig/CCDdatasheet.pdf, page6 used on input line 175.
(pdftex.def)             Requested size: 597.25711pt x 845.19412pt.
File: fig/CCDdatasheet.pdf Graphic file (type pdf)

<use fig/CCDdatasheet.pdf, page 6>
Package pdftex.def Info: fig/CCDdatasheet.pdf, page6 used on input line 175.
(pdftex.def)             Requested size: 597.25711pt x 845.19412pt.
 [67 <./fig/CCDdatasheet.pdf>]
<fig/CCDdatasheet.pdf, id=1076, page=7, 597.23125pt x 845.1575pt>
File: fig/CCDdatasheet.pdf Graphic file (type pdf)

<use fig/CCDdatasheet.pdf, page 7>
Package pdftex.def Info: fig/CCDdatasheet.pdf, page7 used on input line 175.
(pdftex.def)             Requested size: 597.25711pt x 845.19412pt.
File: fig/CCDdatasheet.pdf Graphic file (type pdf)
 <use fig/CCDdatasheet.pdf, page 7>
Package pdftex.def Info: fig/CCDdatasheet.pdf, page7 used on input line 175.
(pdftex.def)             Requested size: 597.25711pt x 845.19412pt.
File: fig/CCDdatasheet.pdf Graphic file (type pdf)

<use fig/CCDdatasheet.pdf, page 7>
Package pdftex.def Info: fig/CCDdatasheet.pdf, page7 used on input line 175.
(pdftex.def)             Requested size: 597.25711pt x 845.19412pt.
 [68 <./fig/CCDdatasheet.pdf>]
<fig/CCDdatasheet.pdf, id=1081, page=8, 597.23125pt x 845.1575pt>
File: fig/CCDdatasheet.pdf Graphic file (type pdf)

<use fig/CCDdatasheet.pdf, page 8>
Package pdftex.def Info: fig/CCDdatasheet.pdf, page8 used on input line 175.
(pdftex.def)             Requested size: 597.25711pt x 845.19412pt.
File: fig/CCDdatasheet.pdf Graphic file (type pdf)
 <use fig/CCDdatasheet.pdf, page 8>
Package pdftex.def Info: fig/CCDdatasheet.pdf, page8 used on input line 175.
(pdftex.def)             Requested size: 597.25711pt x 845.19412pt.
File: fig/CCDdatasheet.pdf Graphic file (type pdf)

<use fig/CCDdatasheet.pdf, page 8>
Package pdftex.def Info: fig/CCDdatasheet.pdf, page8 used on input line 175.
(pdftex.def)             Requested size: 597.25711pt x 845.19412pt.
 [69 <./fig/CCDdatasheet.pdf>]
<fig/CCDdatasheet.pdf, id=1087, page=9, 597.23125pt x 845.1575pt>
File: fig/CCDdatasheet.pdf Graphic file (type pdf)

<use fig/CCDdatasheet.pdf, page 9>
Package pdftex.def Info: fig/CCDdatasheet.pdf, page9 used on input line 175.
(pdftex.def)             Requested size: 597.25711pt x 845.19412pt.
File: fig/CCDdatasheet.pdf Graphic file (type pdf)
 <use fig/CCDdatasheet.pdf, page 9>
Package pdftex.def Info: fig/CCDdatasheet.pdf, page9 used on input line 175.
(pdftex.def)             Requested size: 597.25711pt x 845.19412pt.
File: fig/CCDdatasheet.pdf Graphic file (type pdf)

<use fig/CCDdatasheet.pdf, page 9>
Package pdftex.def Info: fig/CCDdatasheet.pdf, page9 used on input line 175.
(pdftex.def)             Requested size: 597.25711pt x 845.19412pt.
 [70 <./fig/CCDdatasheet.pdf>]
<fig/CCDdatasheet.pdf, id=1092, page=10, 597.23125pt x 845.1575pt>
File: fig/CCDdatasheet.pdf Graphic file (type pdf)

<use fig/CCDdatasheet.pdf, page 10>
Package pdftex.def Info: fig/CCDdatasheet.pdf, page10 used on input line 175.
(pdftex.def)             Requested size: 597.25711pt x 845.19412pt.
File: fig/CCDdatasheet.pdf Graphic file (type pdf)
 <use fig/CCDdatasheet.pdf, page 10>
Package pdftex.def Info: fig/CCDdatasheet.pdf, page10 used on input line 175.
(pdftex.def)             Requested size: 597.25711pt x 845.19412pt.
File: fig/CCDdatasheet.pdf Graphic file (type pdf)

<use fig/CCDdatasheet.pdf, page 10>
Package pdftex.def Info: fig/CCDdatasheet.pdf, page10 used on input line 175.
(pdftex.def)             Requested size: 597.25711pt x 845.19412pt.
 [71 <./fig/CCDdatasheet.pdf>]
<fig/CCDdatasheet.pdf, id=1097, page=11, 597.23125pt x 845.1575pt>
File: fig/CCDdatasheet.pdf Graphic file (type pdf)

<use fig/CCDdatasheet.pdf, page 11>
Package pdftex.def Info: fig/CCDdatasheet.pdf, page11 used on input line 175.
(pdftex.def)             Requested size: 597.25711pt x 845.19412pt.
File: fig/CCDdatasheet.pdf Graphic file (type pdf)
 <use fig/CCDdatasheet.pdf, page 11>
Package pdftex.def Info: fig/CCDdatasheet.pdf, page11 used on input line 175.
(pdftex.def)             Requested size: 597.25711pt x 845.19412pt.
File: fig/CCDdatasheet.pdf Graphic file (type pdf)

<use fig/CCDdatasheet.pdf, page 11>
Package pdftex.def Info: fig/CCDdatasheet.pdf, page11 used on input line 175.
(pdftex.def)             Requested size: 597.25711pt x 845.19412pt.
 [72 <./fig/CCDdatasheet.pdf>]
<fig/CCDdatasheet.pdf, id=1102, page=12, 597.23125pt x 845.1575pt>
File: fig/CCDdatasheet.pdf Graphic file (type pdf)

<use fig/CCDdatasheet.pdf, page 12>
Package pdftex.def Info: fig/CCDdatasheet.pdf, page12 used on input line 175.
(pdftex.def)             Requested size: 597.25711pt x 845.19412pt.
File: fig/CCDdatasheet.pdf Graphic file (type pdf)
 <use fig/CCDdatasheet.pdf, page 12>
Package pdftex.def Info: fig/CCDdatasheet.pdf, page12 used on input line 175.
(pdftex.def)             Requested size: 597.25711pt x 845.19412pt.
File: fig/CCDdatasheet.pdf Graphic file (type pdf)

<use fig/CCDdatasheet.pdf, page 12>
Package pdftex.def Info: fig/CCDdatasheet.pdf, page12 used on input line 175.
(pdftex.def)             Requested size: 597.25711pt x 845.19412pt.
 [73 <./fig/CCDdatasheet.pdf>]
<fig/CCDdatasheet.pdf, id=1111, page=13, 597.23125pt x 845.1575pt>
File: fig/CCDdatasheet.pdf Graphic file (type pdf)

<use fig/CCDdatasheet.pdf, page 13>
Package pdftex.def Info: fig/CCDdatasheet.pdf, page13 used on input line 175.
(pdftex.def)             Requested size: 597.25711pt x 845.19412pt.
File: fig/CCDdatasheet.pdf Graphic file (type pdf)
 <use fig/CCDdatasheet.pdf, page 13>
Package pdftex.def Info: fig/CCDdatasheet.pdf, page13 used on input line 175.
(pdftex.def)             Requested size: 597.25711pt x 845.19412pt.
File: fig/CCDdatasheet.pdf Graphic file (type pdf)

<use fig/CCDdatasheet.pdf, page 13>
Package pdftex.def Info: fig/CCDdatasheet.pdf, page13 used on input line 175.
(pdftex.def)             Requested size: 597.25711pt x 845.19412pt.
 [74 <./fig/CCDdatasheet.pdf>]
<fig/CCDdatasheet.pdf, id=1116, page=14, 597.23125pt x 845.1575pt>
File: fig/CCDdatasheet.pdf Graphic file (type pdf)

<use fig/CCDdatasheet.pdf, page 14>
Package pdftex.def Info: fig/CCDdatasheet.pdf, page14 used on input line 175.
(pdftex.def)             Requested size: 597.25711pt x 845.19412pt.
File: fig/CCDdatasheet.pdf Graphic file (type pdf)
 <use fig/CCDdatasheet.pdf, page 14>
Package pdftex.def Info: fig/CCDdatasheet.pdf, page14 used on input line 175.
(pdftex.def)             Requested size: 597.25711pt x 845.19412pt.
File: fig/CCDdatasheet.pdf Graphic file (type pdf)

<use fig/CCDdatasheet.pdf, page 14>
Package pdftex.def Info: fig/CCDdatasheet.pdf, page14 used on input line 175.
(pdftex.def)             Requested size: 597.25711pt x 845.19412pt.
 [75 <./fig/CCDdatasheet.pdf>]
<fig/CCDdatasheet.pdf, id=1128, page=15, 597.23125pt x 845.1575pt>
File: fig/CCDdatasheet.pdf Graphic file (type pdf)

<use fig/CCDdatasheet.pdf, page 15>
Package pdftex.def Info: fig/CCDdatasheet.pdf, page15 used on input line 175.
(pdftex.def)             Requested size: 597.25711pt x 845.19412pt.
File: fig/CCDdatasheet.pdf Graphic file (type pdf)
 <use fig/CCDdatasheet.pdf, page 15>
Package pdftex.def Info: fig/CCDdatasheet.pdf, page15 used on input line 175.
(pdftex.def)             Requested size: 597.25711pt x 845.19412pt.
File: fig/CCDdatasheet.pdf Graphic file (type pdf)

<use fig/CCDdatasheet.pdf, page 15>
Package pdftex.def Info: fig/CCDdatasheet.pdf, page15 used on input line 175.
(pdftex.def)             Requested size: 597.25711pt x 845.19412pt.
 [76 <./fig/CCDdatasheet.pdf>]
<fig/CCDdatasheet.pdf, id=1137, page=16, 597.23125pt x 845.1575pt>
File: fig/CCDdatasheet.pdf Graphic file (type pdf)

<use fig/CCDdatasheet.pdf, page 16>
Package pdftex.def Info: fig/CCDdatasheet.pdf, page16 used on input line 175.
(pdftex.def)             Requested size: 597.25711pt x 845.19412pt.
File: fig/CCDdatasheet.pdf Graphic file (type pdf)
 <use fig/CCDdatasheet.pdf, page 16>
Package pdftex.def Info: fig/CCDdatasheet.pdf, page16 used on input line 175.
(pdftex.def)             Requested size: 597.25711pt x 845.19412pt.
File: fig/CCDdatasheet.pdf Graphic file (type pdf)

<use fig/CCDdatasheet.pdf, page 16>
Package pdftex.def Info: fig/CCDdatasheet.pdf, page16 used on input line 175.
(pdftex.def)             Requested size: 597.25711pt x 845.19412pt.
 [77 <./fig/CCDdatasheet.pdf>]
<fig/CCDdatasheet.pdf, id=1142, page=17, 597.23125pt x 845.1575pt>
File: fig/CCDdatasheet.pdf Graphic file (type pdf)

<use fig/CCDdatasheet.pdf, page 17>
Package pdftex.def Info: fig/CCDdatasheet.pdf, page17 used on input line 175.
(pdftex.def)             Requested size: 597.25711pt x 845.19412pt.
File: fig/CCDdatasheet.pdf Graphic file (type pdf)
 <use fig/CCDdatasheet.pdf, page 17>
Package pdftex.def Info: fig/CCDdatasheet.pdf, page17 used on input line 175.
(pdftex.def)             Requested size: 597.25711pt x 845.19412pt.
File: fig/CCDdatasheet.pdf Graphic file (type pdf)

<use fig/CCDdatasheet.pdf, page 17>
Package pdftex.def Info: fig/CCDdatasheet.pdf, page17 used on input line 175.
(pdftex.def)             Requested size: 597.25711pt x 845.19412pt.
 [78 <./fig/CCDdatasheet.pdf>]
<fig/CCDdatasheet.pdf, id=1147, page=18, 597.23125pt x 845.1575pt>
File: fig/CCDdatasheet.pdf Graphic file (type pdf)

<use fig/CCDdatasheet.pdf, page 18>
Package pdftex.def Info: fig/CCDdatasheet.pdf, page18 used on input line 175.
(pdftex.def)             Requested size: 597.25711pt x 845.19412pt.
File: fig/CCDdatasheet.pdf Graphic file (type pdf)
 <use fig/CCDdatasheet.pdf, page 18>
Package pdftex.def Info: fig/CCDdatasheet.pdf, page18 used on input line 175.
(pdftex.def)             Requested size: 597.25711pt x 845.19412pt.
File: fig/CCDdatasheet.pdf Graphic file (type pdf)

<use fig/CCDdatasheet.pdf, page 18>
Package pdftex.def Info: fig/CCDdatasheet.pdf, page18 used on input line 175.
(pdftex.def)             Requested size: 597.25711pt x 845.19412pt.
 [79 <./fig/CCDdatasheet.pdf>]
(reportImageAnalysis.bbl
LaTeX Font Info:    Try loading font information for T1+lmtt on input line 6.

(C:\Users\titou\Desktop\INFO\LATEX\MiKTeX\tex\latex\lm\t1lmtt.fd
File: t1lmtt.fd 2009/10/30 v1.6 Font defs for Latin Modern
)
Underfull \hbox (badness 2735) in paragraph at lines 39--44
[]\T1/ptm/m/n/12 JN Maki, JF Bell, KE Herken-hoff, SW Squyres, A Kiely, M Klime
sh,
 []


Package Fancyhdr Warning: \headheight is too small (12.0pt): 
 Make it at least 14.49998pt.
 We now make it that large for the rest of the document.
 This may cause the page layout to be inconsistent, however.

[80

])
Package atveryend Info: Empty hook `BeforeClearDocument' on input line 182.


Package Fancyhdr Warning: \headheight is too small (12.0pt): 
 Make it at least 14.49998pt.
 We now make it that large for the rest of the document.
 This may cause the page layout to be inconsistent, however.

[81]
Package atveryend Info: Empty hook `AfterLastShipout' on input line 182.
 (reportImageAnalysis.aux (StateOfArtIntro.aux) (singleShotTechniques.aux)
(IntegrationTest1Point.aux) (conclusion.aux))
Package atveryend Info: Executing hook `AtVeryEndDocument' on input line 182.
Package atveryend Info: Executing hook `AtEndAfterFileList' on input line 182.
Package rerunfilecheck Info: File `reportImageAnalysis.out' has not changed.
(rerunfilecheck)             Checksum: AF7C46CE1F93BCC8EFE426849FF470CD;5461.


LaTeX Warning: There were multiply-defined labels.

Package atveryend Info: Empty hook `AtVeryVeryEnd' on input line 182.
 ) 
Here is how much of TeX's memory you used:
 15587 strings out of 493673
 242941 string characters out of 3138720
 353436 words of memory out of 3000000
 18202 multiletter control sequences out of 15000+200000
 110174 words of font info for 179 fonts, out of 3000000 for 9000
 1025 hyphenation exceptions out of 8191
 39i,18n,43p,2439b,490s stack positions out of 5000i,500n,10000p,200000b,50000s
{C:/Users/titou/Desktop/INFO/LATEX/MiKTeX/fonts/enc/dvips/lm/lm-ec.enc}{C:/Us
ers/titou/Desktop/INFO/LATEX/MiKTeX/fonts/enc/dvips/fontname/8r.enc}<C:/Users/t
itou/Desktop/INFO/LATEX/MiKTeX/fonts/type1/public/amsfonts/cm/cmex10.pfb><C:/Us
ers/titou/Desktop/INFO/LATEX/MiKTeX/fonts/type1/public/amsfonts/cm/cmmi10.pfb><
C:/Users/titou/Desktop/INFO/LATEX/MiKTeX/fonts/type1/public/amsfonts/cm/cmr10.p
fb><C:/Users/titou/Desktop/INFO/LATEX/MiKTeX/fonts/type1/public/amsfonts/cm/cms
y10.pfb><C:/Users/titou/Desktop/INFO/LATEX/MiKTeX/fonts/type1/public/eurosym/fe
ymr10.pfb><C:/Users/titou/Desktop/INFO/LATEX/MiKTeX/fonts/type1/public/mathpazo
/fplmbi.pfb><C:/Users/titou/Desktop/INFO/LATEX/MiKTeX/fonts/type1/public/mathpa
zo/fplmr.pfb><C:/Users/titou/Desktop/INFO/LATEX/MiKTeX/fonts/type1/public/lm/lm
tt12.pfb><C:/Users/titou/Desktop/INFO/LATEX/MiKTeX/fonts/type1/urw/palatino/upl
b8a.pfb><C:/Users/titou/Desktop/INFO/LATEX/MiKTeX/fonts/type1/urw/palatino/uplb
i8a.pfb><C:/Users/titou/Desktop/INFO/LATEX/MiKTeX/fonts/type1/urw/palatino/uplr
8a.pfb><C:/Users/titou/Desktop/INFO/LATEX/MiKTeX/fonts/type1/urw/symbol/usyr.pf
b><C:/Users/titou/Desktop/INFO/LATEX/MiKTeX/fonts/type1/urw/symbol/usyr.pfb><C:
/Users/titou/Desktop/INFO/LATEX/MiKTeX/fonts/type1/urw/times/utmb8a.pfb><C:/Use
rs/titou/Desktop/INFO/LATEX/MiKTeX/fonts/type1/urw/times/utmr8a.pfb><C:/Users/t
itou/Desktop/INFO/LATEX/MiKTeX/fonts/type1/urw/times/utmr8a.pfb><C:/Users/titou
/Desktop/INFO/LATEX/MiKTeX/fonts/type1/urw/times/utmri8a.pfb>
Output written on reportImageAnalysis.pdf (85 pages, 7160342 bytes).
PDF statistics:
 1295 PDF objects out of 1440 (max. 8388607)
 280 named destinations out of 1000 (max. 500000)
 923 words of extra memory for PDF output out of 10000 (max. 10000000)

